nohup: ignoring input
Namespace(batchSize=256, gpu='2', lr=0.01, momentum=0.9, nEpochs=600, seed=123, testBatchSize=10, threads=1)
===> Loading datasets
===> Building model
----------------------------------------------------------------
        Layer (type)               Output Shape         Param #
================================================================
            Conv2d-1          [-1, 64, 72, 272]            1792
              ReLU-2          [-1, 64, 72, 272]               0
            Conv2d-3          [-1, 64, 72, 272]           36928
              ReLU-4          [-1, 64, 72, 272]               0
         MaxPool2d-5          [-1, 64, 36, 136]               0
            Conv2d-6         [-1, 128, 36, 136]           73856
              ReLU-7         [-1, 128, 36, 136]               0
            Conv2d-8         [-1, 128, 36, 136]          147584
              ReLU-9         [-1, 128, 36, 136]               0
        MaxPool2d-10          [-1, 128, 18, 68]               0
           Conv2d-11          [-1, 256, 18, 68]          295168
             ReLU-12          [-1, 256, 18, 68]               0
           Conv2d-13          [-1, 256, 18, 68]          590080
             ReLU-14          [-1, 256, 18, 68]               0
           Conv2d-15          [-1, 256, 18, 68]          590080
             ReLU-16          [-1, 256, 18, 68]               0
        MaxPool2d-17           [-1, 256, 9, 34]               0
           Conv2d-18           [-1, 512, 9, 34]         1180160
             ReLU-19           [-1, 512, 9, 34]               0
           Conv2d-20           [-1, 512, 9, 34]         2359808
             ReLU-21           [-1, 512, 9, 34]               0
           Conv2d-22           [-1, 512, 9, 34]         2359808
             ReLU-23           [-1, 512, 9, 34]               0
        MaxPool2d-24           [-1, 512, 4, 17]               0
           Conv2d-25           [-1, 512, 4, 17]         2359808
             ReLU-26           [-1, 512, 4, 17]               0
           Conv2d-27           [-1, 512, 4, 17]         2359808
             ReLU-28           [-1, 512, 4, 17]               0
           Conv2d-29           [-1, 512, 4, 17]         2359808
             ReLU-30           [-1, 512, 4, 17]               0
        MaxPool2d-31            [-1, 512, 2, 8]               0
           Linear-32                 [-1, 2048]        16779264
             ReLU-33                 [-1, 2048]               0
          Dropout-34                 [-1, 2048]               0
           Linear-35                 [-1, 1024]         2098176
             ReLU-36                 [-1, 1024]               0
          Dropout-37                 [-1, 1024]               0
           Linear-38                   [-1, 31]           31775
           Linear-39                 [-1, 2048]        16779264
             ReLU-40                 [-1, 2048]               0
          Dropout-41                 [-1, 2048]               0
           Linear-42                 [-1, 1024]         2098176
             ReLU-43                 [-1, 1024]               0
          Dropout-44                 [-1, 1024]               0
           Linear-45                   [-1, 24]           24600
           Linear-46                 [-1, 2048]        16779264
             ReLU-47                 [-1, 2048]               0
          Dropout-48                 [-1, 2048]               0
           Linear-49                 [-1, 1024]         2098176
             ReLU-50                 [-1, 1024]               0
          Dropout-51                 [-1, 1024]               0
           Linear-52                   [-1, 34]           34850
           Linear-53                 [-1, 2048]        16779264
             ReLU-54                 [-1, 2048]               0
          Dropout-55                 [-1, 2048]               0
           Linear-56                 [-1, 1024]         2098176
             ReLU-57                 [-1, 1024]               0
          Dropout-58                 [-1, 1024]               0
           Linear-59                   [-1, 34]           34850
           Linear-60                 [-1, 2048]        16779264
             ReLU-61                 [-1, 2048]               0
          Dropout-62                 [-1, 2048]               0
           Linear-63                 [-1, 1024]         2098176
             ReLU-64                 [-1, 1024]               0
          Dropout-65                 [-1, 1024]               0
           Linear-66                   [-1, 34]           34850
           Linear-67                 [-1, 2048]        16779264
             ReLU-68                 [-1, 2048]               0
          Dropout-69                 [-1, 2048]               0
           Linear-70                 [-1, 1024]         2098176
             ReLU-71                 [-1, 1024]               0
          Dropout-72                 [-1, 1024]               0
           Linear-73                   [-1, 34]           34850
           Linear-74                 [-1, 2048]        16779264
             ReLU-75                 [-1, 2048]               0
          Dropout-76                 [-1, 2048]               0
           Linear-77                 [-1, 1024]         2098176
             ReLU-78                 [-1, 1024]               0
          Dropout-79                 [-1, 1024]               0
           Linear-80                   [-1, 34]           34850
       Classifier-81  [[-1, 31], [-1, 24], [-1, 34], [-1, 34], [-1, 34], [-1, 34], [-1, 34]]               0
================================================================
Total params: tensor(1.4709e+08)
Trainable params: tensor(1.4709e+08)
Non-trainable params: tensor(0)
----------------------------------------------------------------
Train Epoch: 1 [2560/5102 (50%)]	Loss: 3.436032 3.189098 3.532593 3.553958 3.507766 3.532006 3.415534
lr_rate: 0.01
Train Epoch: 1 [4760/5102 (100%)]	Loss: 3.411670 3.191507 3.522667 3.534656 3.509426 3.524865 3.229035
lr_rate: 0.01

Test set: Average loss: 2.4491, Accuracy: 7/375 (2%) (5%) (3%) (4%) (4%) (4%) (3%)

Train Epoch: 2 [2560/5102 (50%)]	Loss: 3.431816 3.189721 3.519598 3.524442 3.509407 3.532733 3.199402
lr_rate: 0.01
Train Epoch: 2 [4760/5102 (100%)]	Loss: 3.433262 3.193327 3.533520 3.533056 3.509733 3.515951 3.162923
lr_rate: 0.01

Test set: Average loss: 2.4396, Accuracy: 10/375 (3%) (5%) (3%) (3%) (3%) (5%) (5%)

Train Epoch: 3 [2560/5102 (50%)]	Loss: 3.441117 3.185694 3.533220 3.545217 3.517617 3.525074 3.117798
lr_rate: 0.01
Train Epoch: 3 [4760/5102 (100%)]	Loss: 3.431538 3.229234 3.560646 3.569537 3.547799 3.609358 3.119212
lr_rate: 0.01

Test set: Average loss: 2.4179, Accuracy: 17/375 (5%) (2%) (2%) (3%) (2%) (5%) (18%)

Train Epoch: 4 [2560/5102 (50%)]	Loss: 3.432911 3.192462 3.559407 3.574702 3.523311 3.573556 2.565124
lr_rate: 0.01
Train Epoch: 4 [4760/5102 (100%)]	Loss: 3.432260 3.260490 3.607724 3.571916 3.589000 3.589891 1.982078
lr_rate: 0.01

Test set: Average loss: 2.3688, Accuracy: 11/375 (3%) (5%) (4%) (3%) (2%) (5%) (30%)

Train Epoch: 5 [2560/5102 (50%)]	Loss: 3.489650 3.236370 3.638885 3.660008 3.604690 3.567947 1.688215
lr_rate: 0.01
Train Epoch: 5 [4760/5102 (100%)]	Loss: 3.466987 3.224507 3.603465 3.593829 3.593172 3.624235 1.394266
lr_rate: 0.01

Test set: Average loss: 2.2799, Accuracy: 21/375 (6%) (4%) (4%) (2%) (3%) (4%) (53%)

Train Epoch: 6 [2560/5102 (50%)]	Loss: 3.498660 3.201831 3.560199 3.583458 3.599156 3.559368 1.075613
lr_rate: 0.01
Train Epoch: 6 [4760/5102 (100%)]	Loss: 3.457158 3.243656 3.629772 3.613335 3.613424 3.593330 0.705533
lr_rate: 0.01

Test set: Average loss: 2.2398, Accuracy: 10/375 (3%) (5%) (3%) (1%) (4%) (5%) (70%)

Train Epoch: 7 [2560/5102 (50%)]	Loss: 3.529287 3.239337 3.577440 3.628361 3.635382 3.619639 0.675067
lr_rate: 0.01
Train Epoch: 7 [4760/5102 (100%)]	Loss: 3.494183 3.284767 3.580253 3.592412 3.589000 3.646838 0.493928
lr_rate: 0.01

Test set: Average loss: 2.2248, Accuracy: 11/375 (3%) (2%) (2%) (3%) (3%) (5%) (81%)

Train Epoch: 8 [2560/5102 (50%)]	Loss: 3.502117 3.338249 3.604303 3.653091 3.591691 3.659536 0.358816
lr_rate: 0.01
Train Epoch: 8 [4760/5102 (100%)]	Loss: 3.507604 3.342409 3.652989 3.591175 3.645281 3.656030 0.314450
lr_rate: 0.01

Test set: Average loss: 2.2177, Accuracy: 18/375 (5%) (5%) (3%) (2%) (2%) (4%) (89%)

Train Epoch: 9 [2560/5102 (50%)]	Loss: 3.538815 3.321885 3.667291 3.711327 3.639576 3.703700 0.246536
lr_rate: 0.01
Train Epoch: 9 [4760/5102 (100%)]	Loss: 3.598782 3.339239 3.696715 3.692640 3.680046 3.742999 0.251856
lr_rate: 0.01

Test set: Average loss: 2.2642, Accuracy: 14/375 (4%) (4%) (4%) (2%) (2%) (4%) (88%)

Train Epoch: 10 [2560/5102 (50%)]	Loss: 3.538322 3.349584 3.644725 3.697509 3.673938 3.696907 0.163084
lr_rate: 0.01
Train Epoch: 10 [4760/5102 (100%)]	Loss: 3.593410 3.324928 3.644632 3.734591 3.678406 3.701731 0.118648
lr_rate: 0.01

Test set: Average loss: 2.2374, Accuracy: 16/375 (4%) (5%) (4%) (3%) (1%) (2%) (94%)

Train Epoch: 11 [2560/5102 (50%)]	Loss: 3.616027 3.411290 3.711696 3.773997 3.694649 3.708701 0.069548
lr_rate: 0.01
Train Epoch: 11 [4760/5102 (100%)]	Loss: 3.525633 3.329425 3.689778 3.605209 3.656647 3.698298 0.187073
lr_rate: 0.01

Test set: Average loss: 2.2151, Accuracy: 15/375 (4%) (4%) (5%) (3%) (3%) (4%) (90%)

Train Epoch: 12 [2560/5102 (50%)]	Loss: 3.568649 3.261192 3.693711 3.609300 3.623068 3.766581 0.146643
lr_rate: 0.01
Train Epoch: 12 [4760/5102 (100%)]	Loss: 3.586323 3.279320 3.700032 3.676354 3.636451 3.678927 0.065752
lr_rate: 0.01

Test set: Average loss: 2.2248, Accuracy: 15/375 (4%) (2%) (3%) (1%) (3%) (5%) (93%)

Train Epoch: 13 [2560/5102 (50%)]	Loss: 3.708898 3.340142 3.803583 3.680060 3.666792 3.740142 0.032852
lr_rate: 0.01
Train Epoch: 13 [4760/5102 (100%)]	Loss: 3.518891 3.284278 3.649113 3.702032 3.679490 3.689300 0.064713
lr_rate: 0.01

Test set: Average loss: 2.2267, Accuracy: 16/375 (4%) (5%) (2%) (2%) (3%) (4%) (93%)

Train Epoch: 14 [2560/5102 (50%)]	Loss: 3.599629 3.295431 3.712371 3.727535 3.674841 3.693827 0.090532
lr_rate: 0.01
Train Epoch: 14 [4760/5102 (100%)]	Loss: 3.560941 3.303996 3.681991 3.650968 3.672193 3.673085 0.081664
lr_rate: 0.01

Test set: Average loss: 2.2306, Accuracy: 18/375 (5%) (5%) (4%) (4%) (4%) (3%) (92%)

Train Epoch: 15 [2560/5102 (50%)]	Loss: 3.600315 3.370641 3.751236 3.620386 3.671722 3.772350 0.050420
lr_rate: 0.01
Train Epoch: 15 [4760/5102 (100%)]	Loss: 3.669645 3.477488 3.887299 3.794314 3.761592 3.840506 0.049086
lr_rate: 0.01

Test set: Average loss: 2.2808, Accuracy: 20/375 (5%) (5%) (3%) (4%) (3%) (4%) (95%)

Train Epoch: 16 [2560/5102 (50%)]	Loss: 3.650295 3.447341 3.756559 3.771460 3.746923 3.764035 0.004779
lr_rate: 0.01
Train Epoch: 16 [4760/5102 (100%)]	Loss: 3.577947 3.383415 3.764197 3.895096 3.713939 3.767260 0.007787
lr_rate: 0.01

Test set: Average loss: 2.3095, Accuracy: 13/375 (3%) (5%) (2%) (2%) (1%) (5%) (96%)

Train Epoch: 17 [2560/5102 (50%)]	Loss: 3.683237 3.368209 3.823662 3.822884 3.755706 3.894328 0.011397
lr_rate: 0.01
Train Epoch: 17 [4760/5102 (100%)]	Loss: 3.693770 3.455379 3.747554 3.869440 3.858952 3.829097 0.054752
lr_rate: 0.01

Test set: Average loss: 2.3202, Accuracy: 15/375 (4%) (4%) (2%) (2%) (3%) (3%) (97%)

Train Epoch: 18 [2560/5102 (50%)]	Loss: 3.672283 3.352077 3.734241 3.709098 3.727614 3.819735 0.046711
lr_rate: 0.01
Train Epoch: 18 [4760/5102 (100%)]	Loss: 3.576929 3.359806 3.701687 3.633884 3.684455 3.741554 0.031444
lr_rate: 0.01

Test set: Average loss: 2.2558, Accuracy: 20/375 (5%) (3%) (2%) (2%) (4%) (3%) (95%)

Train Epoch: 19 [2560/5102 (50%)]	Loss: 3.628356 3.389280 3.737324 3.717888 3.713078 3.751733 0.008444
lr_rate: 0.01
Train Epoch: 19 [4760/5102 (100%)]	Loss: 3.722378 3.391346 3.811381 3.840810 3.826147 3.844708 0.011142
lr_rate: 0.01

Test set: Average loss: 2.3164, Accuracy: 13/375 (3%) (4%) (3%) (2%) (4%) (3%) (97%)

Train Epoch: 20 [2560/5102 (50%)]	Loss: 3.752102 3.495189 3.866451 3.788682 3.832213 3.852329 0.010662
lr_rate: 0.01
Train Epoch: 20 [4760/5102 (100%)]	Loss: 3.712792 3.519604 3.962288 3.885881 3.829185 3.875789 0.015418
lr_rate: 0.01

Test set: Average loss: 2.3481, Accuracy: 17/375 (5%) (4%) (4%) (3%) (5%) (4%) (95%)

Train Epoch: 21 [2560/5102 (50%)]	Loss: 3.693925 3.442880 3.870177 3.773355 3.780444 3.909893 0.012541
lr_rate: 0.01
Train Epoch: 21 [4760/5102 (100%)]	Loss: 3.675823 3.467235 3.813495 3.809264 3.831951 3.896875 0.023323
lr_rate: 0.01

Test set: Average loss: 2.3347, Accuracy: 17/375 (5%) (4%) (3%) (3%) (2%) (4%) (96%)

Train Epoch: 22 [2560/5102 (50%)]	Loss: 3.517706 3.368021 3.696694 3.703434 3.727298 3.657353 0.010366
lr_rate: 0.01
Train Epoch: 22 [4760/5102 (100%)]	Loss: 3.681040 3.399200 3.747848 3.838828 3.719728 3.783083 0.004866
lr_rate: 0.01

Test set: Average loss: 2.2781, Accuracy: 13/375 (3%) (4%) (4%) (3%) (3%) (2%) (98%)

Train Epoch: 23 [2560/5102 (50%)]	Loss: 3.588153 3.318697 3.734868 3.747951 3.773329 3.907010 0.021696
lr_rate: 0.01
Train Epoch: 23 [4760/5102 (100%)]	Loss: 3.625712 3.301151 3.747736 3.716954 3.767459 3.836299 0.007983
lr_rate: 0.01

Test set: Average loss: 2.2614, Accuracy: 11/375 (3%) (6%) (3%) (2%) (3%) (1%) (97%)

Train Epoch: 24 [2560/5102 (50%)]	Loss: 3.612968 3.417596 3.810637 3.822376 3.713151 3.896522 0.010326
lr_rate: 0.01
Train Epoch: 24 [4760/5102 (100%)]	Loss: 3.628163 3.390595 3.684949 3.717139 3.823989 3.768570 0.014515
lr_rate: 0.01

Test set: Average loss: 2.2888, Accuracy: 19/375 (5%) (3%) (4%) (3%) (3%) (5%) (95%)

Train Epoch: 25 [2560/5102 (50%)]	Loss: 3.586360 3.305597 3.760525 3.718609 3.672403 3.734932 0.004098
lr_rate: 0.01
Train Epoch: 25 [4760/5102 (100%)]	Loss: 3.747349 3.405310 3.827061 3.807508 3.794729 3.828662 0.015296
lr_rate: 0.01

Test set: Average loss: 2.3086, Accuracy: 13/375 (3%) (2%) (2%) (3%) (3%) (5%) (98%)

Train Epoch: 26 [2560/5102 (50%)]	Loss: 3.654435 3.449085 3.904802 3.805991 3.868752 3.937918 0.033866
lr_rate: 0.01
Train Epoch: 26 [4760/5102 (100%)]	Loss: 3.596995 3.393673 3.741792 3.753137 3.767745 3.859376 0.006583
lr_rate: 0.01

Test set: Average loss: 2.2957, Accuracy: 11/375 (3%) (3%) (3%) (2%) (3%) (3%) (96%)

Train Epoch: 27 [2560/5102 (50%)]	Loss: 3.682156 3.328529 3.823892 3.765600 3.697428 3.827729 0.001582
lr_rate: 0.01
Train Epoch: 27 [4760/5102 (100%)]	Loss: 3.682922 3.427971 3.827258 3.874099 3.775046 3.878231 0.021780
lr_rate: 0.01

Test set: Average loss: 2.3516, Accuracy: 10/375 (3%) (3%) (3%) (2%) (3%) (3%) (96%)

Train Epoch: 28 [2560/5102 (50%)]	Loss: 3.677462 3.509372 3.818168 3.934532 3.776930 3.795134 0.006655
lr_rate: 0.01
Train Epoch: 28 [4760/5102 (100%)]	Loss: 3.696802 3.403961 3.771499 3.686833 3.823531 3.895167 0.018704
lr_rate: 0.01

Test set: Average loss: 2.3075, Accuracy: 10/375 (3%) (3%) (3%) (3%) (2%) (4%) (97%)

Train Epoch: 29 [2560/5102 (50%)]	Loss: 3.718822 3.397109 3.942402 3.794486 3.765591 3.778358 0.003798
lr_rate: 0.01
Train Epoch: 29 [4760/5102 (100%)]	Loss: 3.664295 3.395126 3.753478 3.839708 3.699965 3.833724 0.024549
lr_rate: 0.01

Test set: Average loss: 2.3155, Accuracy: 11/375 (3%) (3%) (4%) (4%) (3%) (5%) (97%)

Train Epoch: 30 [2560/5102 (50%)]	Loss: 3.617983 3.422132 3.762271 3.721105 3.719412 3.810539 0.004712
lr_rate: 0.01
Train Epoch: 30 [4760/5102 (100%)]	Loss: 3.600002 3.487182 3.882959 3.896251 3.888056 3.899314 0.034394
lr_rate: 0.01

Test set: Average loss: 2.3343, Accuracy: 9/375 (2%) (5%) (2%) (3%) (3%) (4%) (95%)

Train Epoch: 31 [2560/5102 (50%)]	Loss: 3.705865 3.481095 3.897084 3.962029 3.870153 3.989966 0.029570
lr_rate: 0.01
Train Epoch: 31 [4760/5102 (100%)]	Loss: 3.615381 3.350798 3.691209 3.695063 3.708935 3.802713 0.002080
lr_rate: 0.01

Test set: Average loss: 2.2515, Accuracy: 16/375 (4%) (4%) (2%) (3%) (5%) (3%) (96%)

Train Epoch: 32 [2560/5102 (50%)]	Loss: 3.588890 3.346234 3.737821 3.725695 3.699118 3.799247 0.018229
lr_rate: 0.01
Train Epoch: 32 [4760/5102 (100%)]	Loss: 3.586443 3.383644 3.711896 3.701263 3.742282 3.726861 0.002025
lr_rate: 0.01

Test set: Average loss: 2.2858, Accuracy: 9/375 (2%) (4%) (4%) (3%) (3%) (5%) (97%)

Train Epoch: 33 [2560/5102 (50%)]	Loss: 3.596169 3.327017 3.826581 3.788988 3.779975 3.814619 0.009430
lr_rate: 0.01
Train Epoch: 33 [4760/5102 (100%)]	Loss: 3.754473 3.439815 3.847817 3.814141 3.786057 3.930617 0.001244
lr_rate: 0.01

Test set: Average loss: 2.3355, Accuracy: 10/375 (3%) (3%) (4%) (5%) (3%) (4%) (97%)

Train Epoch: 34 [2560/5102 (50%)]	Loss: 3.725519 3.450577 3.865587 3.843560 3.886448 4.001489 0.015099
lr_rate: 0.01
Train Epoch: 34 [4760/5102 (100%)]	Loss: 3.684873 3.489625 3.913093 3.868367 3.893125 3.780580 0.025859
lr_rate: 0.01

Test set: Average loss: 2.3105, Accuracy: 6/375 (2%) (4%) (2%) (4%) (3%) (2%) (96%)

Train Epoch: 35 [2560/5102 (50%)]	Loss: 3.631408 3.407463 3.761003 3.765791 3.784588 3.796263 0.015517
lr_rate: 0.01
Train Epoch: 35 [4760/5102 (100%)]	Loss: 3.578362 3.316531 3.745653 3.731053 3.754944 3.773149 0.014602
lr_rate: 0.01

Test set: Average loss: 2.2709, Accuracy: 15/375 (4%) (5%) (2%) (2%) (2%) (4%) (98%)

Train Epoch: 36 [2560/5102 (50%)]	Loss: 3.707378 3.365772 3.754537 3.827753 3.742659 3.739534 0.003568
lr_rate: 0.01
Train Epoch: 36 [4760/5102 (100%)]	Loss: 3.649391 3.425811 3.773684 3.824283 3.709445 3.782659 0.001380
lr_rate: 0.01

Test set: Average loss: 2.2911, Accuracy: 12/375 (3%) (5%) (3%) (2%) (3%) (4%) (97%)

Train Epoch: 37 [2560/5102 (50%)]	Loss: 3.642925 3.351219 3.802004 3.782414 3.650446 3.752459 0.001822
lr_rate: 0.01
Train Epoch: 37 [4760/5102 (100%)]	Loss: 3.647730 3.370222 3.793331 3.747829 3.775962 3.868933 0.020477
lr_rate: 0.01

Test set: Average loss: 2.3063, Accuracy: 7/375 (2%) (4%) (4%) (3%) (4%) (3%) (97%)

Train Epoch: 38 [2560/5102 (50%)]	Loss: 3.773282 3.541016 3.879419 3.837258 3.882850 3.815284 0.000272
lr_rate: 0.01
Train Epoch: 38 [4760/5102 (100%)]	Loss: 3.683428 3.476142 3.962171 3.861034 4.009626 3.943628 0.000414
lr_rate: 0.01

Test set: Average loss: 2.3826, Accuracy: 10/375 (3%) (4%) (3%) (2%) (4%) (3%) (98%)

Train Epoch: 39 [2560/5102 (50%)]	Loss: 3.722175 3.504675 3.966300 4.043152 3.905344 4.040226 0.000562
lr_rate: 0.01
Train Epoch: 39 [4760/5102 (100%)]	Loss: 3.851275 3.605318 3.989143 3.911225 3.854438 4.025714 0.000089
lr_rate: 0.01

Test set: Average loss: 2.4018, Accuracy: 12/375 (3%) (3%) (3%) (4%) (3%) (3%) (98%)

Train Epoch: 40 [2560/5102 (50%)]	Loss: 3.757499 3.497369 3.983048 3.927418 3.920059 4.050554 0.000755
lr_rate: 0.01
Train Epoch: 40 [4760/5102 (100%)]	Loss: 3.729751 3.511831 3.952735 4.023499 3.874051 4.119041 0.000301
lr_rate: 0.01

Test set: Average loss: 2.4119, Accuracy: 13/375 (3%) (3%) (2%) (3%) (2%) (4%) (99%)

Train Epoch: 41 [2560/5102 (50%)]	Loss: 3.763060 3.659581 3.913970 4.013687 3.934947 3.986538 0.001193
lr_rate: 0.01
Train Epoch: 41 [4760/5102 (100%)]	Loss: 3.865366 3.505867 3.917310 3.966685 3.982509 3.944708 0.000569
lr_rate: 0.01

Test set: Average loss: 2.4143, Accuracy: 15/375 (4%) (3%) (2%) (4%) (3%) (4%) (98%)

Train Epoch: 42 [2560/5102 (50%)]	Loss: 3.850705 3.587246 3.981780 3.865453 3.976569 3.939231 0.000259
lr_rate: 0.01
Train Epoch: 42 [4760/5102 (100%)]	Loss: 3.877182 3.531934 3.956176 4.110075 3.963941 3.938611 0.000020
lr_rate: 0.01

Test set: Average loss: 2.4079, Accuracy: 17/375 (5%) (6%) (3%) (2%) (3%) (4%) (98%)

Train Epoch: 43 [2560/5102 (50%)]	Loss: 3.772710 3.684795 4.065467 4.025302 3.995629 4.034524 0.000077
lr_rate: 0.01
Train Epoch: 43 [4760/5102 (100%)]	Loss: 3.793579 3.527099 4.054977 3.884162 4.105967 3.993313 0.000050
lr_rate: 0.01

Test set: Average loss: 2.4215, Accuracy: 16/375 (4%) (4%) (3%) (2%) (3%) (5%) (98%)

Train Epoch: 44 [2560/5102 (50%)]	Loss: 3.824013 3.644032 3.925905 4.020808 3.950983 4.027631 0.000164
lr_rate: 0.01
Train Epoch: 44 [4760/5102 (100%)]	Loss: 3.805012 3.629710 4.066254 3.951567 4.015524 4.075286 0.000080
lr_rate: 0.01

Test set: Average loss: 2.4260, Accuracy: 13/375 (3%) (4%) (3%) (3%) (3%) (4%) (98%)

Train Epoch: 45 [2560/5102 (50%)]	Loss: 3.813838 3.679019 3.960589 3.896125 3.942643 3.960749 0.000207
lr_rate: 0.01
Train Epoch: 45 [4760/5102 (100%)]	Loss: 3.913489 3.682765 4.145053 4.027582 3.973464 4.049139 0.000025
lr_rate: 0.01

Test set: Average loss: 2.4853, Accuracy: 11/375 (3%) (3%) (3%) (3%) (3%) (4%) (98%)

Train Epoch: 46 [2560/5102 (50%)]	Loss: 3.901929 3.718650 4.130545 4.156813 4.032096 4.114072 0.000048
lr_rate: 0.01
Train Epoch: 46 [4760/5102 (100%)]	Loss: 3.977937 3.735782 4.157009 3.943320 3.957625 4.052429 0.000856
lr_rate: 0.01

Test set: Average loss: 2.4765, Accuracy: 10/375 (3%) (4%) (4%) (3%) (1%) (3%) (98%)

Train Epoch: 47 [2560/5102 (50%)]	Loss: 3.998992 3.685962 4.166898 4.154588 4.163794 4.146220 0.000025
lr_rate: 0.01
Train Epoch: 47 [4760/5102 (100%)]	Loss: 3.895446 3.687324 4.017050 4.145083 4.018728 4.171645 0.000154
lr_rate: 0.01

Test set: Average loss: 2.4603, Accuracy: 12/375 (3%) (5%) (6%) (3%) (3%) (3%) (98%)

Train Epoch: 48 [2560/5102 (50%)]	Loss: 3.811934 3.532874 4.094825 3.990959 3.970500 4.053030 0.000048
lr_rate: 0.01
Train Epoch: 48 [4760/5102 (100%)]	Loss: 3.857261 3.570270 4.094545 4.090197 4.046274 4.264765 0.000063
lr_rate: 0.01

Test set: Average loss: 2.4622, Accuracy: 6/375 (2%) (5%) (3%) (3%) (4%) (3%) (98%)

Train Epoch: 49 [2560/5102 (50%)]	Loss: 3.879654 3.683610 4.108753 3.982560 4.061678 4.138330 0.000010
lr_rate: 0.01
Train Epoch: 49 [4760/5102 (100%)]	Loss: 4.022509 3.669080 4.105919 4.067859 4.144744 4.155432 0.000446
lr_rate: 0.01

Test set: Average loss: 2.4908, Accuracy: 10/375 (3%) (5%) (2%) (4%) (3%) (4%) (98%)

Train Epoch: 50 [2560/5102 (50%)]	Loss: 3.934412 3.651129 3.927209 4.040237 4.025921 4.126731 0.000024
lr_rate: 0.01
Train Epoch: 50 [4760/5102 (100%)]	Loss: 3.890711 3.518926 3.960828 3.969789 3.933644 4.015014 0.001128
lr_rate: 0.01

Test set: Average loss: 2.4868, Accuracy: 14/375 (4%) (5%) (3%) (3%) (4%) (3%) (97%)

Checkpoint saved to ./model/model_pr_epoch_50_6.pth
Train Epoch: 51 [2560/5102 (50%)]	Loss: 3.908206 3.662112 4.086777 4.066728 4.079263 4.196455 0.000033
lr_rate: 0.0099
Train Epoch: 51 [4760/5102 (100%)]	Loss: 3.953871 3.797664 4.130599 4.081514 4.205264 4.130840 0.000028
lr_rate: 0.0099

Test set: Average loss: 2.4794, Accuracy: 13/375 (3%) (5%) (3%) (1%) (3%) (5%) (98%)

Train Epoch: 52 [2560/5102 (50%)]	Loss: 3.674198 3.422113 3.830495 3.793336 3.820983 3.782112 0.013647
lr_rate: 0.0099
Train Epoch: 52 [4760/5102 (100%)]	Loss: 3.655720 3.386541 3.663136 3.788719 3.767078 3.860063 0.009330
lr_rate: 0.0099

Test set: Average loss: 2.2823, Accuracy: 14/375 (4%) (6%) (3%) (2%) (3%) (5%) (96%)

Train Epoch: 53 [2560/5102 (50%)]	Loss: 3.675191 3.420714 3.756685 3.793168 3.808080 3.811711 0.001543
lr_rate: 0.0099
Train Epoch: 53 [4760/5102 (100%)]	Loss: 3.541433 3.348399 3.666088 3.633948 3.654302 3.717681 0.049755
lr_rate: 0.0099

Test set: Average loss: 2.2151, Accuracy: 10/375 (3%) (2%) (3%) (2%) (3%) (4%) (95%)

Train Epoch: 54 [2560/5102 (50%)]	Loss: 3.646787 3.371598 3.705721 3.782565 3.742942 3.683451 0.006937
lr_rate: 0.0099
Train Epoch: 54 [4760/5102 (100%)]	Loss: 3.674657 3.361995 3.827675 3.714222 3.735491 3.873286 0.004089
lr_rate: 0.0099

Test set: Average loss: 2.3143, Accuracy: 8/375 (2%) (4%) (3%) (4%) (3%) (4%) (97%)

Train Epoch: 55 [2560/5102 (50%)]	Loss: 3.788303 3.504002 4.018907 3.893595 3.950093 3.930692 0.002554
lr_rate: 0.0099
Train Epoch: 55 [4760/5102 (100%)]	Loss: 3.737050 3.613614 3.915222 3.832405 3.923161 3.852719 0.009460
lr_rate: 0.0099

Test set: Average loss: 2.3508, Accuracy: 15/375 (4%) (2%) (3%) (3%) (3%) (4%) (97%)

Train Epoch: 56 [2560/5102 (50%)]	Loss: 3.621862 3.403014 3.893889 3.881174 3.810127 3.720767 0.008700
lr_rate: 0.0099
Train Epoch: 56 [4760/5102 (100%)]	Loss: 3.695225 3.549662 3.777005 3.821427 3.749223 3.804650 0.023246
lr_rate: 0.0099

Test set: Average loss: 2.2806, Accuracy: 10/375 (3%) (3%) (4%) (3%) (3%) (4%) (98%)

Train Epoch: 57 [2560/5102 (50%)]	Loss: 3.551685 3.352489 3.755532 3.693723 3.659842 3.740068 0.007977
lr_rate: 0.0099
Train Epoch: 57 [4760/5102 (100%)]	Loss: 3.544738 3.320218 3.709045 3.740728 3.635485 3.708588 0.007799
lr_rate: 0.0099

Test set: Average loss: 2.2198, Accuracy: 13/375 (3%) (3%) (2%) (3%) (5%) (5%) (96%)

Train Epoch: 58 [2560/5102 (50%)]	Loss: 3.619932 3.354382 3.737192 3.742595 3.716867 3.848134 0.003353
lr_rate: 0.0099
Train Epoch: 58 [4760/5102 (100%)]	Loss: 3.611134 3.421082 3.792137 3.744542 3.807412 3.737310 0.001242
lr_rate: 0.0099

Test set: Average loss: 2.2682, Accuracy: 11/375 (3%) (3%) (2%) (2%) (3%) (4%) (97%)

Train Epoch: 59 [2560/5102 (50%)]	Loss: 3.650976 3.460975 3.816097 3.898955 3.837819 3.842620 0.000882
lr_rate: 0.0099
Train Epoch: 59 [4760/5102 (100%)]	Loss: 3.674077 3.397821 3.696725 3.751637 3.715872 3.740835 0.001705
lr_rate: 0.0099

Test set: Average loss: 2.2883, Accuracy: 16/375 (4%) (4%) (2%) (2%) (4%) (2%) (98%)

Train Epoch: 60 [2560/5102 (50%)]	Loss: 3.666983 3.454902 3.859483 3.828209 3.811025 3.860301 0.000384
lr_rate: 0.0099
Train Epoch: 60 [4760/5102 (100%)]	Loss: 3.819810 3.419699 3.840253 3.819119 3.816510 3.842553 0.000481
lr_rate: 0.0099

Test set: Average loss: 2.3156, Accuracy: 19/375 (5%) (2%) (3%) (4%) (5%) (3%) (98%)

Train Epoch: 61 [2560/5102 (50%)]	Loss: 3.713578 3.400860 3.869848 3.821660 3.757811 3.847092 0.000083
lr_rate: 0.0099
Train Epoch: 61 [4760/5102 (100%)]	Loss: 3.667900 3.448477 3.860805 3.827305 3.731183 3.884927 0.005445
lr_rate: 0.0099

Test set: Average loss: 2.3063, Accuracy: 15/375 (4%) (5%) (4%) (3%) (4%) (5%) (97%)

Train Epoch: 62 [2560/5102 (50%)]	Loss: 3.687522 3.428942 3.823388 3.864852 3.885626 3.821457 0.000377
lr_rate: 0.0099
Train Epoch: 62 [4760/5102 (100%)]	Loss: 3.755674 3.455879 3.842288 3.919493 3.899132 3.835623 0.001103
lr_rate: 0.0099

Test set: Average loss: 2.3211, Accuracy: 14/375 (4%) (5%) (3%) (2%) (3%) (3%) (97%)

Train Epoch: 63 [2560/5102 (50%)]	Loss: 3.671055 3.403586 3.764542 3.780083 3.811975 3.862727 0.002324
lr_rate: 0.0099
Train Epoch: 63 [4760/5102 (100%)]	Loss: 3.720090 3.442012 3.856800 3.771236 3.840068 3.878026 0.000521
lr_rate: 0.0099

Test set: Average loss: 2.2952, Accuracy: 10/375 (3%) (4%) (3%) (3%) (3%) (3%) (98%)

Train Epoch: 64 [2560/5102 (50%)]	Loss: 3.687798 3.497659 3.891178 3.796265 3.850578 3.902341 0.000109
lr_rate: 0.0099
Train Epoch: 64 [4760/5102 (100%)]	Loss: 3.770504 3.419915 3.813246 3.830927 3.803803 3.923021 0.000177
lr_rate: 0.0099

Test set: Average loss: 2.3248, Accuracy: 15/375 (4%) (4%) (4%) (5%) (3%) (4%) (97%)

Train Epoch: 65 [2560/5102 (50%)]	Loss: 3.657794 3.440974 3.851376 3.894205 3.935870 3.942043 0.000054
lr_rate: 0.0099
Train Epoch: 65 [4760/5102 (100%)]	Loss: 3.865913 3.536023 3.933756 3.923249 3.889778 4.025676 0.000670
lr_rate: 0.0099

Test set: Average loss: 2.3719, Accuracy: 17/375 (5%) (5%) (3%) (2%) (3%) (4%) (98%)

Train Epoch: 66 [2560/5102 (50%)]	Loss: 3.724397 3.477441 3.907196 3.974115 3.797802 3.808203 0.000405
lr_rate: 0.0099
Train Epoch: 66 [4760/5102 (100%)]	Loss: 3.757657 3.531599 3.857315 3.919531 3.805335 4.059976 0.000114
lr_rate: 0.0099

Test set: Average loss: 2.3625, Accuracy: 8/375 (2%) (3%) (3%) (2%) (2%) (2%) (98%)

Train Epoch: 67 [2560/5102 (50%)]	Loss: 3.689856 3.434111 3.838908 3.962142 3.751070 3.854455 0.000126
lr_rate: 0.0099
Train Epoch: 67 [4760/5102 (100%)]	Loss: 3.716715 3.490369 3.862666 3.892145 3.757837 3.978543 0.000091
lr_rate: 0.0099

Test set: Average loss: 2.3625, Accuracy: 6/375 (2%) (3%) (3%) (3%) (3%) (4%) (98%)

Train Epoch: 68 [2560/5102 (50%)]	Loss: 3.637319 3.473810 3.866862 3.809917 3.823252 3.872963 0.000056
lr_rate: 0.0099
Train Epoch: 68 [4760/5102 (100%)]	Loss: 3.766706 3.507052 3.909773 3.847586 3.940544 3.960969 0.000036
lr_rate: 0.0099

Test set: Average loss: 2.3652, Accuracy: 13/375 (3%) (5%) (2%) (4%) (5%) (2%) (98%)

Train Epoch: 69 [2560/5102 (50%)]	Loss: 3.704679 3.644950 3.960127 3.845409 3.811204 3.969080 0.000031
lr_rate: 0.0099
Train Epoch: 69 [4760/5102 (100%)]	Loss: 3.818523 3.494792 3.799511 3.944260 4.003465 3.958414 0.000259
lr_rate: 0.0099

Test set: Average loss: 2.3442, Accuracy: 18/375 (5%) (5%) (4%) (3%) (3%) (4%) (98%)

Train Epoch: 70 [2560/5102 (50%)]	Loss: 3.878697 3.474953 3.938340 3.894334 3.960701 3.876399 0.000070
lr_rate: 0.0099
Train Epoch: 70 [4760/5102 (100%)]	Loss: 3.773173 3.400758 3.876377 3.874212 3.864443 3.964511 0.000115
lr_rate: 0.0099

Test set: Average loss: 2.3587, Accuracy: 16/375 (4%) (7%) (5%) (3%) (2%) (5%) (98%)

Train Epoch: 71 [2560/5102 (50%)]	Loss: 3.771107 3.550726 3.860211 3.851089 3.808417 3.913574 0.000858
lr_rate: 0.0099
Train Epoch: 71 [4760/5102 (100%)]	Loss: 3.866235 3.522771 3.930421 3.894203 3.808477 4.010540 0.000047
lr_rate: 0.0099

Test set: Average loss: 2.3548, Accuracy: 14/375 (4%) (5%) (3%) (4%) (3%) (3%) (98%)

Train Epoch: 72 [2560/5102 (50%)]	Loss: 3.870335 3.466476 3.981566 3.879693 3.977165 3.995531 0.001284
lr_rate: 0.0099
Train Epoch: 72 [4760/5102 (100%)]	Loss: 3.626107 3.432017 3.785951 3.866350 3.813429 3.968829 0.000198
lr_rate: 0.0099

Test set: Average loss: 2.3667, Accuracy: 12/375 (3%) (3%) (3%) (4%) (4%) (4%) (98%)

Train Epoch: 73 [2560/5102 (50%)]	Loss: 3.775843 3.604964 3.836273 3.937776 3.951460 3.997137 0.000156
lr_rate: 0.0099
Train Epoch: 73 [4760/5102 (100%)]	Loss: 3.803375 3.524523 4.006194 3.949769 3.932418 4.025889 0.000277
lr_rate: 0.0099

Test set: Average loss: 2.3652, Accuracy: 9/375 (2%) (3%) (3%) (3%) (4%) (3%) (98%)

Train Epoch: 74 [2560/5102 (50%)]	Loss: 3.766472 3.513328 3.907267 3.794295 3.882268 3.963284 0.000051
lr_rate: 0.0099
Train Epoch: 74 [4760/5102 (100%)]	Loss: 3.777317 3.580325 3.993783 3.899197 3.920177 3.888149 0.000141
lr_rate: 0.0099

Test set: Average loss: 2.3743, Accuracy: 16/375 (4%) (5%) (4%) (3%) (2%) (4%) (98%)

Train Epoch: 75 [2560/5102 (50%)]	Loss: 3.873425 3.475292 3.956671 3.974452 3.955937 4.062670 0.000055
lr_rate: 0.0099
Train Epoch: 75 [4760/5102 (100%)]	Loss: 3.801223 3.499942 3.957318 3.951674 3.820680 3.885223 0.000007
lr_rate: 0.0099

Test set: Average loss: 2.4008, Accuracy: 8/375 (2%) (5%) (1%) (2%) (3%) (4%) (99%)

Train Epoch: 76 [2560/5102 (50%)]	Loss: 3.715031 3.558654 3.920370 3.928773 3.795675 3.990690 0.000022
lr_rate: 0.0099
Train Epoch: 76 [4760/5102 (100%)]	Loss: 3.839880 3.521675 3.822368 3.933851 3.909542 4.017413 0.000009
lr_rate: 0.0099

Test set: Average loss: 2.4114, Accuracy: 10/375 (3%) (3%) (3%) (2%) (3%) (6%) (98%)

Train Epoch: 77 [2560/5102 (50%)]	Loss: 3.822158 3.520691 3.967587 3.910769 3.930497 4.066061 0.000010
lr_rate: 0.0099
Train Epoch: 77 [4760/5102 (100%)]	Loss: 3.775677 3.568203 3.871740 3.879332 3.842352 3.885002 0.000015
lr_rate: 0.0099

Test set: Average loss: 2.3963, Accuracy: 18/375 (5%) (6%) (3%) (2%) (4%) (5%) (98%)

Train Epoch: 78 [2560/5102 (50%)]	Loss: 3.860699 3.533230 3.899994 4.035655 3.922637 4.023245 0.000042
lr_rate: 0.0099
Train Epoch: 78 [4760/5102 (100%)]	Loss: 3.902845 3.582784 3.941566 3.915183 4.021422 4.092146 0.000111
lr_rate: 0.0099

Test set: Average loss: 2.4248, Accuracy: 15/375 (4%) (5%) (2%) (3%) (2%) (5%) (99%)

Train Epoch: 79 [2560/5102 (50%)]	Loss: 3.763238 3.552063 4.064697 4.018454 3.909403 3.984107 0.000154
lr_rate: 0.0099
Train Epoch: 79 [4760/5102 (100%)]	Loss: 3.962382 3.530747 3.994296 4.052687 3.782501 4.086243 0.000017
lr_rate: 0.0099

Test set: Average loss: 2.4185, Accuracy: 11/375 (3%) (3%) (3%) (3%) (3%) (6%) (99%)

Train Epoch: 80 [2560/5102 (50%)]	Loss: 3.695300 3.574470 3.916841 3.987967 3.907246 3.854682 0.000009
lr_rate: 0.0099
Train Epoch: 80 [4760/5102 (100%)]	Loss: 3.766065 3.568345 4.021047 3.937566 3.981683 4.117711 0.000042
lr_rate: 0.0099

Test set: Average loss: 2.4224, Accuracy: 9/375 (2%) (6%) (3%) (4%) (4%) (5%) (98%)

Train Epoch: 81 [2560/5102 (50%)]	Loss: 3.850702 3.603024 3.950409 3.942658 3.985571 3.939279 0.000057
lr_rate: 0.0099
Train Epoch: 81 [4760/5102 (100%)]	Loss: 3.891921 3.588711 3.923873 3.972743 3.952164 4.093435 0.000034
lr_rate: 0.0099

Test set: Average loss: 2.4460, Accuracy: 11/375 (3%) (5%) (1%) (2%) (3%) (6%) (98%)

Train Epoch: 82 [2560/5102 (50%)]	Loss: 3.810453 3.635990 4.031929 3.967188 4.008916 4.112920 0.000027
lr_rate: 0.0099
Train Epoch: 82 [4760/5102 (100%)]	Loss: 3.923362 3.523029 3.924981 4.094915 4.008179 4.040526 0.000373
lr_rate: 0.0099

Test set: Average loss: 2.4089, Accuracy: 14/375 (4%) (3%) (3%) (2%) (4%) (3%) (98%)

Train Epoch: 83 [2560/5102 (50%)]	Loss: 3.842952 3.659499 4.009859 4.042950 4.032218 4.110284 0.000011
lr_rate: 0.0099
Train Epoch: 83 [4760/5102 (100%)]	Loss: 3.887635 3.591064 3.953994 3.903641 3.973148 3.893132 0.000069
lr_rate: 0.0099

Test set: Average loss: 2.4579, Accuracy: 11/375 (3%) (5%) (3%) (3%) (2%) (4%) (98%)

Train Epoch: 84 [2560/5102 (50%)]	Loss: 3.856850 3.670735 3.934613 3.917351 4.013440 4.013334 0.000088
lr_rate: 0.0099
Train Epoch: 84 [4760/5102 (100%)]	Loss: 3.871881 3.608518 3.959067 3.935745 3.960377 4.119727 0.000033
lr_rate: 0.0099

Test set: Average loss: 2.4358, Accuracy: 17/375 (5%) (5%) (2%) (3%) (3%) (2%) (98%)

Train Epoch: 85 [2560/5102 (50%)]	Loss: 3.827449 3.562363 4.076036 4.051532 3.991992 4.077314 0.000033
lr_rate: 0.0099
Train Epoch: 85 [4760/5102 (100%)]	Loss: 3.797476 3.508102 4.036174 3.911014 4.035023 3.955138 0.000041
lr_rate: 0.0099

Test set: Average loss: 2.4370, Accuracy: 12/375 (3%) (3%) (4%) (3%) (3%) (4%) (98%)

Train Epoch: 86 [2560/5102 (50%)]	Loss: 3.812474 3.588905 3.940032 4.076671 4.057260 4.061497 0.000185
lr_rate: 0.0099
Train Epoch: 86 [4760/5102 (100%)]	Loss: 3.901862 3.677703 3.985566 3.906122 3.911059 4.096014 0.000026
lr_rate: 0.0099

Test set: Average loss: 2.4308, Accuracy: 19/375 (5%) (4%) (3%) (3%) (3%) (2%) (98%)

Train Epoch: 87 [2560/5102 (50%)]	Loss: 3.946009 3.573346 3.973490 3.970395 3.979133 4.054466 0.000068
lr_rate: 0.0099
Train Epoch: 87 [4760/5102 (100%)]	Loss: 3.955689 3.635993 4.050247 3.968496 4.026289 4.047260 0.000123
lr_rate: 0.0099

Test set: Average loss: 2.4636, Accuracy: 15/375 (4%) (3%) (1%) (2%) (2%) (5%) (99%)

Train Epoch: 88 [2560/5102 (50%)]	Loss: 3.835977 3.658258 4.066950 3.996413 4.172409 4.167614 0.000073
lr_rate: 0.0099
Train Epoch: 88 [4760/5102 (100%)]	Loss: 3.932305 3.647470 3.937645 3.969290 4.074355 4.220887 0.000009
lr_rate: 0.0099

Test set: Average loss: 2.4543, Accuracy: 6/375 (2%) (6%) (3%) (3%) (2%) (4%) (99%)

Train Epoch: 89 [2560/5102 (50%)]	Loss: 3.807323 3.840209 4.111905 3.923345 4.041399 4.034184 0.000006
lr_rate: 0.0099
Train Epoch: 89 [4760/5102 (100%)]	Loss: 3.840651 3.611521 4.029636 4.006849 4.024948 4.076931 0.000005
lr_rate: 0.0099

Test set: Average loss: 2.4565, Accuracy: 13/375 (3%) (3%) (2%) (2%) (2%) (3%) (99%)

Train Epoch: 90 [2560/5102 (50%)]	Loss: 3.900623 3.738844 3.982152 4.093420 3.967671 4.078125 0.000010
lr_rate: 0.0099
Train Epoch: 90 [4760/5102 (100%)]	Loss: 3.891228 3.689438 4.016353 4.084137 3.992963 4.126838 0.000007
lr_rate: 0.0099

Test set: Average loss: 2.4757, Accuracy: 10/375 (3%) (3%) (3%) (3%) (4%) (4%) (98%)

Train Epoch: 91 [2560/5102 (50%)]	Loss: 3.911509 3.589888 4.061806 3.965884 4.092261 4.132535 0.000015
lr_rate: 0.0099
Train Epoch: 91 [4760/5102 (100%)]	Loss: 3.915901 3.684308 4.137368 4.138793 4.034342 4.289693 0.000018
lr_rate: 0.0099

Test set: Average loss: 2.4792, Accuracy: 12/375 (3%) (4%) (2%) (4%) (4%) (2%) (99%)

Train Epoch: 92 [2560/5102 (50%)]	Loss: 3.908827 3.608214 4.071182 3.924706 3.946531 3.995389 0.000009
lr_rate: 0.0099
Train Epoch: 92 [4760/5102 (100%)]	Loss: 3.798765 3.611891 4.011401 4.031538 4.041234 4.074797 0.000027
lr_rate: 0.0099

Test set: Average loss: 2.4537, Accuracy: 9/375 (2%) (5%) (3%) (4%) (3%) (5%) (98%)

Train Epoch: 93 [2560/5102 (50%)]	Loss: 3.840030 3.567155 3.996762 3.979469 3.956996 4.089069 0.000008
lr_rate: 0.0099
Train Epoch: 93 [4760/5102 (100%)]	Loss: 3.904528 3.649902 4.106797 3.962915 4.007510 4.059798 0.000091
lr_rate: 0.0099

Test set: Average loss: 2.4583, Accuracy: 9/375 (2%) (5%) (3%) (3%) (4%) (4%) (99%)

Train Epoch: 94 [2560/5102 (50%)]	Loss: 3.842263 3.582633 3.964349 4.016030 4.011634 4.154607 0.000015
lr_rate: 0.0099
Train Epoch: 94 [4760/5102 (100%)]	Loss: 3.797967 3.675709 4.028220 4.077510 3.973965 4.138899 0.000011
lr_rate: 0.0099

Test set: Average loss: 2.4521, Accuracy: 12/375 (3%) (4%) (3%) (4%) (2%) (4%) (98%)

Train Epoch: 95 [2560/5102 (50%)]	Loss: 3.900086 3.533091 4.103686 3.934144 3.929106 4.082317 0.000074
lr_rate: 0.0099
Train Epoch: 95 [4760/5102 (100%)]	Loss: 3.928444 3.775779 4.182212 4.046047 4.097589 4.133071 0.000043
lr_rate: 0.0099

Test set: Average loss: 2.4624, Accuracy: 13/375 (3%) (5%) (3%) (2%) (3%) (3%) (98%)

Train Epoch: 96 [2560/5102 (50%)]	Loss: 3.889218 3.673759 4.075716 4.039976 4.076022 4.065304 0.000021
lr_rate: 0.0099
Train Epoch: 96 [4760/5102 (100%)]	Loss: 3.969156 3.568894 4.043791 4.105334 3.998474 4.039965 0.000043
lr_rate: 0.0099

Test set: Average loss: 2.4755, Accuracy: 10/375 (3%) (5%) (4%) (3%) (3%) (5%) (99%)

Train Epoch: 97 [2560/5102 (50%)]	Loss: 3.879457 3.680907 4.067370 4.101535 3.976512 4.105361 0.000056
lr_rate: 0.0099
Train Epoch: 97 [4760/5102 (100%)]	Loss: 3.906522 3.722782 3.990147 4.117129 4.115165 4.029311 0.000006
lr_rate: 0.0099

Test set: Average loss: 2.4733, Accuracy: 13/375 (3%) (3%) (3%) (4%) (3%) (3%) (98%)

Train Epoch: 98 [2560/5102 (50%)]	Loss: 3.994797 3.674843 4.032993 4.160242 4.093187 4.130858 0.000033
lr_rate: 0.0099
Train Epoch: 98 [4760/5102 (100%)]	Loss: 3.970887 3.673494 4.231983 4.097505 4.204467 4.188091 0.000004
lr_rate: 0.0099

Test set: Average loss: 2.4624, Accuracy: 11/375 (3%) (7%) (5%) (2%) (3%) (3%) (99%)

Train Epoch: 99 [2560/5102 (50%)]	Loss: 3.819710 3.675140 4.099390 4.078907 4.018360 4.102134 0.000003
lr_rate: 0.0099
Train Epoch: 99 [4760/5102 (100%)]	Loss: 3.889056 3.625588 4.143845 4.062724 4.113678 4.159347 0.000008
lr_rate: 0.0099

Test set: Average loss: 2.4688, Accuracy: 12/375 (3%) (4%) (3%) (2%) (4%) (4%) (98%)

Train Epoch: 100 [2560/5102 (50%)]	Loss: 3.831603 3.742243 4.112093 4.032393 4.077050 4.126387 0.000192
lr_rate: 0.0099
Train Epoch: 100 [4760/5102 (100%)]	Loss: 4.031014 3.681686 4.107418 4.125108 3.991720 4.002975 0.000009
lr_rate: 0.0099

Test set: Average loss: 2.4902, Accuracy: 13/375 (3%) (5%) (3%) (2%) (3%) (3%) (98%)

Checkpoint saved to ./model/model_pr_epoch_100_6.pth
Train Epoch: 101 [2560/5102 (50%)]	Loss: 3.981658 3.814249 4.013394 4.092194 4.046892 4.184086 0.000001
lr_rate: 0.009801
Train Epoch: 101 [4760/5102 (100%)]	Loss: 3.911822 3.617499 3.920011 4.045814 4.060837 4.133647 0.000226
lr_rate: 0.009801

Test set: Average loss: 2.4958, Accuracy: 10/375 (3%) (4%) (3%) (2%) (3%) (4%) (99%)

Train Epoch: 102 [2560/5102 (50%)]	Loss: 3.880478 3.615699 4.102005 4.052283 3.929476 4.108706 0.000026
lr_rate: 0.009801
Train Epoch: 102 [4760/5102 (100%)]	Loss: 3.912189 3.739137 4.013147 4.085162 4.095577 4.089856 0.000044
lr_rate: 0.009801

Test set: Average loss: 2.5088, Accuracy: 18/375 (5%) (3%) (3%) (3%) (2%) (2%) (98%)

Train Epoch: 103 [2560/5102 (50%)]	Loss: 3.879237 3.644993 4.202148 4.137138 3.995949 4.120456 0.000056
lr_rate: 0.009801
Train Epoch: 103 [4760/5102 (100%)]	Loss: 3.903863 3.734020 4.063121 4.116210 3.999792 4.244841 0.000000
lr_rate: 0.009801

Test set: Average loss: 2.5095, Accuracy: 14/375 (4%) (3%) (2%) (4%) (4%) (5%) (98%)

Train Epoch: 104 [2560/5102 (50%)]	Loss: 3.764152 3.594431 4.138335 4.027804 4.063914 4.184661 0.000024
lr_rate: 0.009801
Train Epoch: 104 [4760/5102 (100%)]	Loss: 3.896320 3.628002 4.186838 4.019167 4.070145 4.190814 0.000005
lr_rate: 0.009801

Test set: Average loss: 2.5179, Accuracy: 16/375 (4%) (4%) (2%) (2%) (3%) (3%) (99%)

Train Epoch: 105 [2560/5102 (50%)]	Loss: 3.943351 3.665066 4.045914 4.086032 4.019516 4.089908 0.000036
lr_rate: 0.009801
Train Epoch: 105 [4760/5102 (100%)]	Loss: 3.946840 3.522680 4.057104 4.225698 4.022804 4.127476 0.000004
lr_rate: 0.009801

Test set: Average loss: 2.5010, Accuracy: 11/375 (3%) (6%) (4%) (2%) (5%) (3%) (98%)

Train Epoch: 106 [2560/5102 (50%)]	Loss: 3.919460 3.594378 4.114684 4.097760 4.098166 4.065713 0.000006
lr_rate: 0.009801
Train Epoch: 106 [4760/5102 (100%)]	Loss: 3.892646 3.687965 4.056597 3.886167 4.142494 4.157848 0.000002
lr_rate: 0.009801

Test set: Average loss: 2.5258, Accuracy: 18/375 (5%) (2%) (2%) (3%) (3%) (3%) (98%)

Train Epoch: 107 [2560/5102 (50%)]	Loss: 3.984702 3.686591 4.155868 4.079368 4.005583 4.144451 0.000015
lr_rate: 0.009801
Train Epoch: 107 [4760/5102 (100%)]	Loss: 3.933638 3.709376 4.064812 4.168896 4.180332 4.080885 0.000006
lr_rate: 0.009801

Test set: Average loss: 2.5134, Accuracy: 14/375 (4%) (3%) (3%) (2%) (4%) (5%) (98%)

Train Epoch: 108 [2560/5102 (50%)]	Loss: 3.922034 3.707847 4.212769 4.178954 3.991854 4.119251 0.000001
lr_rate: 0.009801
Train Epoch: 108 [4760/5102 (100%)]	Loss: 3.875536 3.622726 4.109714 4.192341 3.977960 4.164980 0.000034
lr_rate: 0.009801

Test set: Average loss: 2.5128, Accuracy: 7/375 (2%) (5%) (4%) (4%) (2%) (4%) (99%)

Train Epoch: 109 [2560/5102 (50%)]	Loss: 3.929954 3.731519 4.159038 4.054554 3.961188 4.135590 0.000006
lr_rate: 0.009801
Train Epoch: 109 [4760/5102 (100%)]	Loss: 3.862883 3.663555 4.146368 4.071304 4.103428 4.067217 0.000002
lr_rate: 0.009801

Test set: Average loss: 2.5147, Accuracy: 11/375 (3%) (5%) (2%) (3%) (4%) (3%) (98%)

Train Epoch: 110 [2560/5102 (50%)]	Loss: 3.999745 3.570119 4.120972 4.253922 4.048958 4.304120 0.000005
lr_rate: 0.009801
Train Epoch: 110 [4760/5102 (100%)]	Loss: 3.987447 3.612684 4.100866 4.209530 3.969439 4.168495 0.000005
lr_rate: 0.009801

Test set: Average loss: 2.5027, Accuracy: 10/375 (3%) (4%) (3%) (4%) (4%) (3%) (98%)

Train Epoch: 111 [2560/5102 (50%)]	Loss: 3.933153 3.768432 4.070189 4.077502 4.016907 4.146904 0.000005
lr_rate: 0.009801
Train Epoch: 111 [4760/5102 (100%)]	Loss: 4.012043 3.674809 4.065548 4.093730 4.002807 4.159351 0.000012
lr_rate: 0.009801

Test set: Average loss: 2.5113, Accuracy: 18/375 (5%) (3%) (4%) (2%) (4%) (3%) (99%)

Train Epoch: 112 [2560/5102 (50%)]	Loss: 3.903986 3.666453 4.092124 4.147110 4.059677 4.111903 0.000001
lr_rate: 0.009801
Train Epoch: 112 [4760/5102 (100%)]	Loss: 4.042102 3.771056 4.193230 4.142946 4.241242 4.210862 0.000005
lr_rate: 0.009801

Test set: Average loss: 2.5239, Accuracy: 12/375 (3%) (3%) (3%) (2%) (3%) (3%) (98%)

Train Epoch: 113 [2560/5102 (50%)]	Loss: 3.943403 3.611074 4.113235 4.056553 4.129370 4.141846 0.000005
lr_rate: 0.009801
Train Epoch: 113 [4760/5102 (100%)]	Loss: 3.936358 3.842885 4.113865 4.110431 4.054826 4.163833 0.000027
lr_rate: 0.009801

Test set: Average loss: 2.5268, Accuracy: 10/375 (3%) (2%) (5%) (3%) (4%) (5%) (99%)

Train Epoch: 114 [2560/5102 (50%)]	Loss: 3.976319 3.723307 4.036491 4.158338 4.106514 4.101444 0.000014
lr_rate: 0.009801
Train Epoch: 114 [4760/5102 (100%)]	Loss: 4.021699 3.647100 4.094265 4.070393 3.912544 4.065621 0.000004
lr_rate: 0.009801

Test set: Average loss: 2.5166, Accuracy: 13/375 (3%) (3%) (3%) (3%) (3%) (4%) (98%)

Train Epoch: 115 [2560/5102 (50%)]	Loss: 4.005658 3.704935 4.013298 4.058021 4.124868 4.160043 0.000001
lr_rate: 0.009801
Train Epoch: 115 [4760/5102 (100%)]	Loss: 3.965098 3.727525 4.239559 4.089834 4.021982 4.233247 0.000004
lr_rate: 0.009801

Test set: Average loss: 2.5295, Accuracy: 17/375 (5%) (3%) (3%) (2%) (3%) (4%) (98%)

Train Epoch: 116 [2560/5102 (50%)]	Loss: 3.854097 3.631226 4.071700 4.152673 4.027041 4.100855 0.000015
lr_rate: 0.009801
Train Epoch: 116 [4760/5102 (100%)]	Loss: 4.073819 3.701529 4.262489 4.242795 4.047892 4.147005 0.000001
lr_rate: 0.009801

Test set: Average loss: 2.5254, Accuracy: 10/375 (3%) (6%) (2%) (2%) (3%) (3%) (98%)

Train Epoch: 117 [2560/5102 (50%)]	Loss: 3.931817 3.869152 4.174833 4.047777 4.090528 4.224024 0.000011
lr_rate: 0.009801
Train Epoch: 117 [4760/5102 (100%)]	Loss: 3.932834 3.732360 4.077689 4.199389 4.122944 4.279437 0.000006
lr_rate: 0.009801

Test set: Average loss: 2.5279, Accuracy: 9/375 (2%) (3%) (2%) (4%) (4%) (2%) (98%)

Train Epoch: 118 [2560/5102 (50%)]	Loss: 4.153750 3.748623 4.238246 4.194414 4.131619 4.187743 0.000018
lr_rate: 0.009801
Train Epoch: 118 [4760/5102 (100%)]	Loss: 4.042458 3.676474 4.130350 4.044489 4.119199 4.111961 0.000044
lr_rate: 0.009801

Test set: Average loss: 2.5116, Accuracy: 13/375 (3%) (5%) (4%) (3%) (4%) (4%) (99%)

Train Epoch: 119 [2560/5102 (50%)]	Loss: 3.912212 3.762549 4.021692 4.150142 4.024524 4.097251 0.000007
lr_rate: 0.009801
Train Epoch: 119 [4760/5102 (100%)]	Loss: 4.109793 3.595371 4.065148 4.082808 4.079766 4.293293 0.000000
lr_rate: 0.009801

Test set: Average loss: 2.5110, Accuracy: 16/375 (4%) (4%) (4%) (2%) (4%) (2%) (98%)

Train Epoch: 120 [2560/5102 (50%)]	Loss: 3.931912 3.655668 4.075948 4.089340 4.145847 4.234769 0.000004
lr_rate: 0.009801
Train Epoch: 120 [4760/5102 (100%)]	Loss: 4.015804 3.727057 4.189861 4.041443 4.057883 4.177402 0.000021
lr_rate: 0.009801

Test set: Average loss: 2.5274, Accuracy: 13/375 (3%) (2%) (3%) (2%) (4%) (3%) (99%)

Train Epoch: 121 [2560/5102 (50%)]	Loss: 3.914652 3.607152 4.086158 4.108039 4.032190 4.115257 0.000002
lr_rate: 0.009801
Train Epoch: 121 [4760/5102 (100%)]	Loss: 3.915106 3.636244 4.156263 4.118414 4.013652 4.206876 0.000006
lr_rate: 0.009801

Test set: Average loss: 2.5252, Accuracy: 12/375 (3%) (5%) (3%) (1%) (2%) (5%) (98%)

