nohup: ignoring input
Namespace(batchSize=256, gpu='0', lr=0.01, momentum=0.9, nEpochs=600, seed=123, testBatchSize=10, threads=1)
===> Loading datasets
===> Building model
----------------------------------------------------------------
        Layer (type)               Output Shape         Param #
================================================================
            Conv2d-1          [-1, 64, 72, 272]            1792
              ReLU-2          [-1, 64, 72, 272]               0
            Conv2d-3          [-1, 64, 72, 272]           36928
              ReLU-4          [-1, 64, 72, 272]               0
         MaxPool2d-5          [-1, 64, 36, 136]               0
            Conv2d-6         [-1, 128, 36, 136]           73856
              ReLU-7         [-1, 128, 36, 136]               0
            Conv2d-8         [-1, 128, 36, 136]          147584
              ReLU-9         [-1, 128, 36, 136]               0
        MaxPool2d-10          [-1, 128, 18, 68]               0
           Conv2d-11          [-1, 256, 18, 68]          295168
             ReLU-12          [-1, 256, 18, 68]               0
           Conv2d-13          [-1, 256, 18, 68]          590080
             ReLU-14          [-1, 256, 18, 68]               0
           Conv2d-15          [-1, 256, 18, 68]          590080
             ReLU-16          [-1, 256, 18, 68]               0
        MaxPool2d-17           [-1, 256, 9, 34]               0
           Conv2d-18           [-1, 512, 9, 34]         1180160
             ReLU-19           [-1, 512, 9, 34]               0
           Conv2d-20           [-1, 512, 9, 34]         2359808
             ReLU-21           [-1, 512, 9, 34]               0
           Conv2d-22           [-1, 512, 9, 34]         2359808
             ReLU-23           [-1, 512, 9, 34]               0
        MaxPool2d-24           [-1, 512, 4, 17]               0
           Conv2d-25           [-1, 512, 4, 17]         2359808
             ReLU-26           [-1, 512, 4, 17]               0
           Conv2d-27           [-1, 512, 4, 17]         2359808
             ReLU-28           [-1, 512, 4, 17]               0
           Conv2d-29           [-1, 512, 4, 17]         2359808
             ReLU-30           [-1, 512, 4, 17]               0
        MaxPool2d-31            [-1, 512, 2, 8]               0
           Linear-32                 [-1, 2048]        16779264
             ReLU-33                 [-1, 2048]               0
          Dropout-34                 [-1, 2048]               0
           Linear-35                 [-1, 1024]         2098176
             ReLU-36                 [-1, 1024]               0
          Dropout-37                 [-1, 1024]               0
           Linear-38                   [-1, 31]           31775
           Linear-39                 [-1, 2048]        16779264
             ReLU-40                 [-1, 2048]               0
          Dropout-41                 [-1, 2048]               0
           Linear-42                 [-1, 1024]         2098176
             ReLU-43                 [-1, 1024]               0
          Dropout-44                 [-1, 1024]               0
           Linear-45                   [-1, 24]           24600
           Linear-46                 [-1, 2048]        16779264
             ReLU-47                 [-1, 2048]               0
          Dropout-48                 [-1, 2048]               0
           Linear-49                 [-1, 1024]         2098176
             ReLU-50                 [-1, 1024]               0
          Dropout-51                 [-1, 1024]               0
           Linear-52                   [-1, 34]           34850
           Linear-53                 [-1, 2048]        16779264
             ReLU-54                 [-1, 2048]               0
          Dropout-55                 [-1, 2048]               0
           Linear-56                 [-1, 1024]         2098176
             ReLU-57                 [-1, 1024]               0
          Dropout-58                 [-1, 1024]               0
           Linear-59                   [-1, 34]           34850
           Linear-60                 [-1, 2048]        16779264
             ReLU-61                 [-1, 2048]               0
          Dropout-62                 [-1, 2048]               0
           Linear-63                 [-1, 1024]         2098176
             ReLU-64                 [-1, 1024]               0
          Dropout-65                 [-1, 1024]               0
           Linear-66                   [-1, 34]           34850
           Linear-67                 [-1, 2048]        16779264
             ReLU-68                 [-1, 2048]               0
          Dropout-69                 [-1, 2048]               0
           Linear-70                 [-1, 1024]         2098176
             ReLU-71                 [-1, 1024]               0
          Dropout-72                 [-1, 1024]               0
           Linear-73                   [-1, 34]           34850
           Linear-74                 [-1, 2048]        16779264
             ReLU-75                 [-1, 2048]               0
          Dropout-76                 [-1, 2048]               0
           Linear-77                 [-1, 1024]         2098176
             ReLU-78                 [-1, 1024]               0
          Dropout-79                 [-1, 1024]               0
           Linear-80                   [-1, 34]           34850
       Classifier-81  [[-1, 31], [-1, 24], [-1, 34], [-1, 34], [-1, 34], [-1, 34], [-1, 34]]               0
================================================================
Total params: tensor(1.4709e+08)
Trainable params: tensor(1.4709e+08)
Non-trainable params: tensor(0)
----------------------------------------------------------------
nohup: ignoring input
Namespace(batchSize=256, gpu='0', lr=0.01, momentum=0.9, nEpochs=600, seed=123, testBatchSize=10, threads=1)
===> Loading datasets
===> Building model
----------------------------------------------------------------
        Layer (type)               Output Shape         Param #
================================================================
            Conv2d-1          [-1, 64, 72, 272]            1792
              ReLU-2          [-1, 64, 72, 272]               0
            Conv2d-3          [-1, 64, 72, 272]           36928
              ReLU-4          [-1, 64, 72, 272]               0
         MaxPool2d-5          [-1, 64, 36, 136]               0
            Conv2d-6         [-1, 128, 36, 136]           73856
              ReLU-7         [-1, 128, 36, 136]               0
            Conv2d-8         [-1, 128, 36, 136]          147584
              ReLU-9         [-1, 128, 36, 136]               0
        MaxPool2d-10          [-1, 128, 18, 68]               0
           Conv2d-11          [-1, 256, 18, 68]          295168
             ReLU-12          [-1, 256, 18, 68]               0
           Conv2d-13          [-1, 256, 18, 68]          590080
             ReLU-14          [-1, 256, 18, 68]               0
           Conv2d-15          [-1, 256, 18, 68]          590080
             ReLU-16          [-1, 256, 18, 68]               0
        MaxPool2d-17           [-1, 256, 9, 34]               0
           Conv2d-18           [-1, 512, 9, 34]         1180160
             ReLU-19           [-1, 512, 9, 34]               0
           Conv2d-20           [-1, 512, 9, 34]         2359808
             ReLU-21           [-1, 512, 9, 34]               0
           Conv2d-22           [-1, 512, 9, 34]         2359808
             ReLU-23           [-1, 512, 9, 34]               0
        MaxPool2d-24           [-1, 512, 4, 17]               0
           Conv2d-25           [-1, 512, 4, 17]         2359808
             ReLU-26           [-1, 512, 4, 17]               0
           Conv2d-27           [-1, 512, 4, 17]         2359808
             ReLU-28           [-1, 512, 4, 17]               0
           Conv2d-29           [-1, 512, 4, 17]         2359808
             ReLU-30           [-1, 512, 4, 17]               0
        MaxPool2d-31            [-1, 512, 2, 8]               0
           Linear-32                 [-1, 2048]        16779264
             ReLU-33                 [-1, 2048]               0
          Dropout-34                 [-1, 2048]               0
           Linear-35                 [-1, 1024]         2098176
             ReLU-36                 [-1, 1024]               0
          Dropout-37                 [-1, 1024]               0
           Linear-38                   [-1, 31]           31775
           Linear-39                 [-1, 2048]        16779264
             ReLU-40                 [-1, 2048]               0
          Dropout-41                 [-1, 2048]               0
           Linear-42                 [-1, 1024]         2098176
             ReLU-43                 [-1, 1024]               0
          Dropout-44                 [-1, 1024]               0
           Linear-45                   [-1, 24]           24600
           Linear-46                 [-1, 2048]        16779264
             ReLU-47                 [-1, 2048]               0
          Dropout-48                 [-1, 2048]               0
           Linear-49                 [-1, 1024]         2098176
             ReLU-50                 [-1, 1024]               0
          Dropout-51                 [-1, 1024]               0
           Linear-52                   [-1, 34]           34850
           Linear-53                 [-1, 2048]        16779264
             ReLU-54                 [-1, 2048]               0
          Dropout-55                 [-1, 2048]               0
           Linear-56                 [-1, 1024]         2098176
             ReLU-57                 [-1, 1024]               0
          Dropout-58                 [-1, 1024]               0
           Linear-59                   [-1, 34]           34850
           Linear-60                 [-1, 2048]        16779264
             ReLU-61                 [-1, 2048]               0
          Dropout-62                 [-1, 2048]               0
           Linear-63                 [-1, 1024]         2098176
             ReLU-64                 [-1, 1024]               0
          Dropout-65                 [-1, 1024]               0
           Linear-66                   [-1, 34]           34850
           Linear-67                 [-1, 2048]        16779264
             ReLU-68                 [-1, 2048]               0
          Dropout-69                 [-1, 2048]               0
           Linear-70                 [-1, 1024]         2098176
             ReLU-71                 [-1, 1024]               0
          Dropout-72                 [-1, 1024]               0
           Linear-73                   [-1, 34]           34850
           Linear-74                 [-1, 2048]        16779264
             ReLU-75                 [-1, 2048]               0
          Dropout-76                 [-1, 2048]               0
           Linear-77                 [-1, 1024]         2098176
             ReLU-78                 [-1, 1024]               0
          Dropout-79                 [-1, 1024]               0
           Linear-80                   [-1, 34]           34850
       Classifier-81  [[-1, 31], [-1, 24], [-1, 34], [-1, 34], [-1, 34], [-1, 34], [-1, 34]]               0
================================================================
Total params: tensor(1.4709e+08)
Trainable params: tensor(1.4709e+08)
Non-trainable params: tensor(0)
----------------------------------------------------------------
Train Epoch: 1 [2560/5102 (50%)]	Loss: 3.430198 3.185042 3.509254 3.537475 3.515843 3.531527 3.541102
lr_rate: 0.01
Train Epoch: 1 [4760/5102 (100%)]	Loss: 3.424313 3.182327 3.493562 3.530422 3.509605 3.522435 3.532723
lr_rate: 0.01

Test set: Average loss: 2.4533, Accuracy: 9/375 (2%) (5%) (5%) (3%) (4%) (4%) (3%)

Train Epoch: 2 [2560/5102 (50%)]	Loss: 3.431772 3.182903 3.449396 3.531729 3.517047 3.541702 3.542714
lr_rate: 0.01
Train Epoch: 2 [4760/5102 (100%)]	Loss: 3.421124 3.185385 3.457295 3.518822 3.520136 3.519668 3.535764
lr_rate: 0.01

Test set: Average loss: 2.4553, Accuracy: 7/375 (2%) (3%) (2%) (3%) (3%) (4%) (2%)

Train Epoch: 3 [2560/5102 (50%)]	Loss: 3.423185 3.193332 3.421545 3.542542 3.510587 3.529726 3.527795
lr_rate: 0.01
Train Epoch: 3 [4760/5102 (100%)]	Loss: 3.421804 3.194421 3.402989 3.552149 3.526555 3.551997 3.547839
lr_rate: 0.01

Test set: Average loss: 2.4520, Accuracy: 13/375 (3%) (3%) (8%) (3%) (3%) (6%) (2%)

Train Epoch: 4 [2560/5102 (50%)]	Loss: 3.472788 3.203249 3.108274 3.570973 3.537379 3.624130 3.605132
lr_rate: 0.01
Train Epoch: 4 [4760/5102 (100%)]	Loss: 3.449806 3.216589 2.781492 3.574318 3.560294 3.585069 3.581104
lr_rate: 0.01

Test set: Average loss: 2.4247, Accuracy: 14/375 (4%) (4%) (20%) (2%) (5%) (5%) (1%)

Train Epoch: 5 [2560/5102 (50%)]	Loss: 3.480966 3.246952 2.273652 3.605051 3.566918 3.588659 3.631999
lr_rate: 0.01
Train Epoch: 5 [4760/5102 (100%)]	Loss: 3.472529 3.240262 1.984115 3.604076 3.604423 3.626367 3.640980
lr_rate: 0.01

Test set: Average loss: 2.3196, Accuracy: 16/375 (4%) (5%) (47%) (3%) (3%) (3%) (2%)

Train Epoch: 6 [2560/5102 (50%)]	Loss: 3.552459 3.266429 1.263437 3.689465 3.709969 3.694254 3.704514
lr_rate: 0.01
Train Epoch: 6 [4760/5102 (100%)]	Loss: 3.423763 3.286833 1.159895 3.628218 3.652457 3.602303 3.631416
lr_rate: 0.01

Test set: Average loss: 2.2511, Accuracy: 16/375 (4%) (5%) (68%) (3%) (4%) (4%) (2%)

Train Epoch: 7 [2560/5102 (50%)]	Loss: 3.498659 3.279954 0.564341 3.624019 3.693387 3.616540 3.665976
lr_rate: 0.01
Train Epoch: 7 [4760/5102 (100%)]	Loss: 3.595997 3.404835 0.511083 3.628896 3.711857 3.721845 3.654492
lr_rate: 0.01

Test set: Average loss: 2.2680, Accuracy: 14/375 (4%) (4%) (89%) (2%) (4%) (4%) (3%)

Train Epoch: 8 [2560/5102 (50%)]	Loss: 3.577639 3.390927 0.297772 3.718580 3.721724 3.801966 3.744435
lr_rate: 0.01
Train Epoch: 8 [4760/5102 (100%)]	Loss: 3.541027 3.341330 0.142243 3.660134 3.684634 3.737441 3.705057
lr_rate: 0.01

Test set: Average loss: 2.2354, Accuracy: 13/375 (3%) (6%) (95%) (1%) (3%) (5%) (4%)

Train Epoch: 9 [2560/5102 (50%)]	Loss: 3.576998 3.437747 0.094851 3.794460 3.724060 3.795185 3.739246
lr_rate: 0.01
Train Epoch: 9 [4760/5102 (100%)]	Loss: 3.525672 3.358948 0.216642 3.668240 3.711854 3.729219 3.701699
lr_rate: 0.01

Test set: Average loss: 2.2228, Accuracy: 17/375 (5%) (4%) (93%) (3%) (4%) (4%) (3%)

Train Epoch: 10 [2560/5102 (50%)]	Loss: 3.557300 3.363899 0.183181 3.690432 3.688465 3.720101 3.728216
lr_rate: 0.01
Train Epoch: 10 [4760/5102 (100%)]	Loss: 3.588444 3.363870 0.126811 3.750162 3.663065 3.846056 3.802796
lr_rate: 0.01

Test set: Average loss: 2.2347, Accuracy: 12/375 (3%) (3%) (94%) (3%) (3%) (4%) (3%)

Train Epoch: 11 [2560/5102 (50%)]	Loss: 3.691002 3.463667 0.086680 3.761981 3.828200 3.878596 3.880863
lr_rate: 0.01
Train Epoch: 11 [4760/5102 (100%)]	Loss: 3.500934 3.285578 0.114778 3.697660 3.669188 3.693699 3.710205
lr_rate: 0.01

Test set: Average loss: 2.2237, Accuracy: 13/375 (3%) (4%) (98%) (4%) (2%) (4%) (2%)

Train Epoch: 12 [2560/5102 (50%)]	Loss: 3.591320 3.273216 0.059754 3.738490 3.675416 3.764340 3.774356
lr_rate: 0.01
Train Epoch: 12 [4760/5102 (100%)]	Loss: 3.581378 3.370975 0.073893 3.734102 3.689876 3.793646 3.775529
lr_rate: 0.01

Test set: Average loss: 2.2433, Accuracy: 11/375 (3%) (4%) (98%) (2%) (5%) (6%) (4%)

Train Epoch: 13 [2560/5102 (50%)]	Loss: 3.713121 3.377032 0.054166 3.841513 3.788907 3.787200 3.885634
lr_rate: 0.01
Train Epoch: 13 [4760/5102 (100%)]	Loss: 3.770846 3.570683 0.026104 3.964416 4.035226 4.032423 3.953999
lr_rate: 0.01

Test set: Average loss: 2.3714, Accuracy: 9/375 (2%) (4%) (97%) (2%) (3%) (5%) (2%)

Train Epoch: 14 [2560/5102 (50%)]	Loss: 3.638304 3.385842 0.041170 3.711993 3.726684 3.716341 3.732827
lr_rate: 0.01
Train Epoch: 14 [4760/5102 (100%)]	Loss: 3.558482 3.413259 0.025339 3.684517 3.760733 3.776704 3.772050
lr_rate: 0.01

Test set: Average loss: 2.2608, Accuracy: 13/375 (3%) (4%) (97%) (4%) (2%) (5%) (5%)

Train Epoch: 15 [2560/5102 (50%)]	Loss: 3.657486 3.401045 0.025212 3.741903 3.878675 3.846772 3.878981
lr_rate: 0.01
Train Epoch: 15 [4760/5102 (100%)]	Loss: 3.776593 3.634419 0.010924 3.949741 3.905733 4.008672 3.923276
lr_rate: 0.01

Test set: Average loss: 2.3357, Accuracy: 17/375 (5%) (4%) (98%) (5%) (2%) (5%) (3%)

Train Epoch: 16 [2560/5102 (50%)]	Loss: 3.464184 3.294097 0.052541 3.672407 3.629735 3.630835 3.657399
lr_rate: 0.01
Train Epoch: 16 [4760/5102 (100%)]	Loss: 3.688740 3.468037 0.056276 3.917310 3.880548 3.984035 3.905950
lr_rate: 0.01

Test set: Average loss: 2.3893, Accuracy: 20/375 (5%) (4%) (94%) (3%) (3%) (4%) (3%)

Train Epoch: 17 [2560/5102 (50%)]	Loss: 3.481168 3.264036 0.177179 3.687034 3.653113 3.777330 3.667018
lr_rate: 0.01
Train Epoch: 17 [4760/5102 (100%)]	Loss: 3.537689 3.403754 0.030708 3.763969 3.728262 3.708640 3.686929
lr_rate: 0.01

Test set: Average loss: 2.2323, Accuracy: 17/375 (5%) (4%) (97%) (3%) (3%) (3%) (2%)

Train Epoch: 18 [2560/5102 (50%)]	Loss: 3.669236 3.399138 0.146840 3.762088 3.745794 3.796124 3.802478
lr_rate: 0.01
Train Epoch: 18 [4760/5102 (100%)]	Loss: 3.512570 3.300343 0.055943 3.723000 3.727616 3.664818 3.744498
lr_rate: 0.01

Test set: Average loss: 2.2139, Accuracy: 18/375 (5%) (5%) (98%) (3%) (2%) (6%) (2%)

Train Epoch: 19 [2560/5102 (50%)]	Loss: 3.661211 3.432914 0.018583 3.808634 3.787043 3.915076 3.882135
lr_rate: 0.01
Train Epoch: 19 [4760/5102 (100%)]	Loss: 3.652061 3.439714 0.004760 3.876638 3.826150 3.859847 3.875968
lr_rate: 0.01

Test set: Average loss: 2.3131, Accuracy: 16/375 (4%) (5%) (99%) (3%) (4%) (5%) (3%)

Train Epoch: 20 [2560/5102 (50%)]	Loss: 3.691001 3.433140 0.007383 3.802752 3.914284 3.866499 3.854329
lr_rate: 0.01
Train Epoch: 20 [4760/5102 (100%)]	Loss: 3.578676 3.471390 0.005769 3.882353 3.773312 3.791412 3.803484
lr_rate: 0.01

Test set: Average loss: 2.2653, Accuracy: 11/375 (3%) (4%) (99%) (3%) (3%) (3%) (2%)

Train Epoch: 21 [2560/5102 (50%)]	Loss: 3.627032 3.471584 0.003146 3.916886 3.881408 3.806676 3.823102
lr_rate: 0.01
Train Epoch: 21 [4760/5102 (100%)]	Loss: 3.752590 3.475149 0.003549 3.924716 3.939057 3.912410 3.980955
lr_rate: 0.01

Test set: Average loss: 2.3679, Accuracy: 16/375 (4%) (5%) (99%) (4%) (3%) (3%) (2%)

Train Epoch: 22 [2560/5102 (50%)]	Loss: 3.707954 3.552201 0.002275 4.109624 4.004650 3.975556 4.014683
lr_rate: 0.01
Train Epoch: 22 [4760/5102 (100%)]	Loss: 3.950715 3.605038 0.001602 4.180160 4.004373 4.108674 4.166701
lr_rate: 0.01

Test set: Average loss: 2.4340, Accuracy: 18/375 (5%) (3%) (99%) (1%) (2%) (5%) (2%)

Train Epoch: 23 [2560/5102 (50%)]	Loss: 3.678700 3.551779 0.000197 3.921014 3.948559 4.140738 3.965168
lr_rate: 0.01
Train Epoch: 23 [4760/5102 (100%)]	Loss: 3.752534 3.521552 0.002372 3.891161 3.905434 4.050038 3.867623
lr_rate: 0.01

Test set: Average loss: 2.4072, Accuracy: 13/375 (3%) (3%) (98%) (2%) (5%) (3%) (3%)

Train Epoch: 24 [2560/5102 (50%)]	Loss: 3.522516 3.302616 0.061119 3.764389 3.663827 3.725498 3.727857
lr_rate: 0.01
Train Epoch: 24 [4760/5102 (100%)]	Loss: 3.588809 3.381356 0.007794 3.701817 3.756642 3.682428 3.754956
lr_rate: 0.01

Test set: Average loss: 2.2355, Accuracy: 18/375 (5%) (5%) (98%) (2%) (5%) (3%) (2%)

Train Epoch: 25 [2560/5102 (50%)]	Loss: 3.607618 3.400460 0.010597 3.772320 3.830958 3.805232 3.942687
lr_rate: 0.01
Train Epoch: 25 [4760/5102 (100%)]	Loss: 3.715766 3.442327 0.008605 3.820199 3.787898 3.952281 3.938478
lr_rate: 0.01

Test set: Average loss: 2.3219, Accuracy: 11/375 (3%) (4%) (99%) (5%) (3%) (6%) (1%)

Train Epoch: 26 [2560/5102 (50%)]	Loss: 3.704433 3.455678 0.004597 3.792483 3.895278 3.846830 3.912150
lr_rate: 0.01
Train Epoch: 26 [4760/5102 (100%)]	Loss: 3.655729 3.480920 0.001443 3.748883 3.803699 3.794639 3.934312
lr_rate: 0.01

Test set: Average loss: 2.3331, Accuracy: 13/375 (3%) (3%) (99%) (3%) (3%) (4%) (3%)

Train Epoch: 27 [2560/5102 (50%)]	Loss: 3.645178 3.352695 0.003454 3.684880 3.709009 3.780213 3.821530
lr_rate: 0.01
Train Epoch: 27 [4760/5102 (100%)]	Loss: 3.569193 3.389796 0.001815 3.761728 3.745548 3.771197 3.802219
lr_rate: 0.01

Test set: Average loss: 2.2560, Accuracy: 10/375 (3%) (2%) (99%) (3%) (5%) (3%) (2%)

Train Epoch: 28 [2560/5102 (50%)]	Loss: 3.643337 3.403342 0.011056 3.887348 3.823948 3.777687 3.849137
lr_rate: 0.01
Train Epoch: 28 [4760/5102 (100%)]	Loss: 3.673715 3.365966 0.001836 3.804063 3.778310 3.779052 3.835065
lr_rate: 0.01

Test set: Average loss: 2.2634, Accuracy: 21/375 (6%) (5%) (99%) (5%) (2%) (4%) (3%)

Train Epoch: 29 [2560/5102 (50%)]	Loss: 3.712666 3.422457 0.001451 3.819339 3.856695 3.791923 3.908806
lr_rate: 0.01
Train Epoch: 29 [4760/5102 (100%)]	Loss: 3.728442 3.419933 0.000279 3.865109 3.874247 3.981031 3.914672
lr_rate: 0.01

Test set: Average loss: 2.3038, Accuracy: 11/375 (3%) (3%) (99%) (4%) (3%) (5%) (3%)

Train Epoch: 30 [2560/5102 (50%)]	Loss: 3.668689 3.412374 0.020748 3.761522 3.781942 3.796005 3.832264
lr_rate: 0.01
Train Epoch: 30 [4760/5102 (100%)]	Loss: 3.606531 3.455807 0.005507 3.928542 3.816332 3.914916 3.869340
lr_rate: 0.01

Test set: Average loss: 2.3039, Accuracy: 11/375 (3%) (4%) (99%) (3%) (3%) (4%) (1%)

Train Epoch: 31 [2560/5102 (50%)]	Loss: 3.648180 3.478338 0.000690 3.874463 3.888236 3.887433 3.849954
lr_rate: 0.01
Train Epoch: 31 [4760/5102 (100%)]	Loss: 3.740898 3.371760 0.000555 3.862163 3.890963 3.842587 3.862352
lr_rate: 0.01

Test set: Average loss: 2.3116, Accuracy: 17/375 (5%) (5%) (98%) (3%) (4%) (3%) (3%)

Train Epoch: 32 [2560/5102 (50%)]	Loss: 3.713212 3.442708 0.000372 3.844498 3.916648 4.083890 3.884532
lr_rate: 0.01
Train Epoch: 32 [4760/5102 (100%)]	Loss: 3.716959 3.458587 0.000315 3.823011 3.776624 3.826617 3.920907
lr_rate: 0.01

Test set: Average loss: 2.3428, Accuracy: 12/375 (3%) (4%) (100%) (3%) (3%) (5%) (2%)

Train Epoch: 33 [2560/5102 (50%)]	Loss: 3.678947 3.494394 0.000385 3.832260 3.938168 3.946811 4.061847
lr_rate: 0.01
Train Epoch: 33 [4760/5102 (100%)]	Loss: 3.657854 3.547921 0.000099 3.929273 3.844593 3.979188 3.797627
lr_rate: 0.01

Test set: Average loss: 2.3814, Accuracy: 13/375 (3%) (3%) (100%) (4%) (2%) (4%) (2%)

Train Epoch: 34 [2560/5102 (50%)]	Loss: 3.805606 3.582838 0.000012 4.018024 4.010322 4.063662 4.045417
lr_rate: 0.01
Train Epoch: 34 [4760/5102 (100%)]	Loss: 3.856061 3.608181 0.000131 4.047797 4.005656 3.982982 4.017038
lr_rate: 0.01

Test set: Average loss: 2.3782, Accuracy: 11/375 (3%) (5%) (99%) (2%) (3%) (6%) (2%)

Train Epoch: 35 [2560/5102 (50%)]	Loss: 3.768910 3.558448 0.000152 3.995016 3.978538 3.904667 4.019350
lr_rate: 0.01
Train Epoch: 35 [4760/5102 (100%)]	Loss: 3.784971 3.572437 0.000030 4.044376 3.922719 4.016307 4.080546
lr_rate: 0.01

Test set: Average loss: 2.4051, Accuracy: 11/375 (3%) (4%) (99%) (3%) (2%) (4%) (2%)

Train Epoch: 36 [2560/5102 (50%)]	Loss: 3.874862 3.522805 0.000068 3.987932 4.027405 3.987180 4.026941
lr_rate: 0.01
Train Epoch: 36 [4760/5102 (100%)]	Loss: 3.867875 3.705838 0.000021 4.030800 4.048046 4.000473 4.149707
lr_rate: 0.01

Test set: Average loss: 2.4123, Accuracy: 16/375 (4%) (3%) (100%) (3%) (3%) (5%) (2%)

Train Epoch: 37 [2560/5102 (50%)]	Loss: 3.732832 3.607094 0.000032 4.082431 4.010801 4.083452 4.128754
lr_rate: 0.01
Train Epoch: 37 [4760/5102 (100%)]	Loss: 3.834948 3.673268 0.000009 3.963214 4.003109 4.077069 4.158299
lr_rate: 0.01

Test set: Average loss: 2.4239, Accuracy: 18/375 (5%) (4%) (99%) (3%) (5%) (3%) (3%)

Train Epoch: 38 [2560/5102 (50%)]	Loss: 3.907788 3.603884 0.000023 4.061846 4.058295 3.990262 4.076436
lr_rate: 0.01
Train Epoch: 38 [4760/5102 (100%)]	Loss: 3.736202 3.699627 0.000034 4.043618 4.035089 4.003423 3.949138
lr_rate: 0.01

Test set: Average loss: 2.4277, Accuracy: 12/375 (3%) (4%) (99%) (3%) (3%) (5%) (4%)

Train Epoch: 39 [2560/5102 (50%)]	Loss: 3.836338 3.558718 0.000006 4.085468 3.946424 4.163806 4.033382
lr_rate: 0.01
Train Epoch: 39 [4760/5102 (100%)]	Loss: 3.799113 3.652415 0.000010 3.952025 3.981669 4.063003 4.081779
lr_rate: 0.01

Test set: Average loss: 2.4244, Accuracy: 14/375 (4%) (4%) (99%) (3%) (2%) (4%) (3%)

Train Epoch: 40 [2560/5102 (50%)]	Loss: 3.731499 3.593049 0.000362 4.030520 3.961045 3.936742 3.957782
lr_rate: 0.01
Train Epoch: 40 [4760/5102 (100%)]	Loss: 3.753095 3.559543 0.000194 4.028940 3.864311 3.980767 4.031999
lr_rate: 0.01

Test set: Average loss: 2.3693, Accuracy: 16/375 (4%) (5%) (99%) (3%) (2%) (4%) (2%)

Train Epoch: 41 [2560/5102 (50%)]	Loss: 3.746004 3.511819 0.000164 4.008498 3.932422 3.997621 4.140057
lr_rate: 0.01
Train Epoch: 41 [4760/5102 (100%)]	Loss: 3.824813 3.554583 0.000163 4.063476 3.983074 3.899943 4.125124
lr_rate: 0.01

Test set: Average loss: 2.4016, Accuracy: 8/375 (2%) (4%) (99%) (3%) (3%) (3%) (3%)

Train Epoch: 42 [2560/5102 (50%)]	Loss: 3.730426 3.721144 0.000046 3.932844 4.004353 4.062916 4.014943
lr_rate: 0.01
Train Epoch: 42 [4760/5102 (100%)]	Loss: 3.841616 3.586294 0.000200 3.926662 4.017938 3.933250 4.116158
lr_rate: 0.01

Test set: Average loss: 2.4048, Accuracy: 13/375 (3%) (5%) (99%) (3%) (2%) (5%) (3%)

Train Epoch: 43 [2560/5102 (50%)]	Loss: 3.742507 3.505163 0.001433 4.020532 3.980231 3.995780 4.087066
lr_rate: 0.01
Train Epoch: 43 [4760/5102 (100%)]	Loss: 3.666725 3.428183 0.001832 3.759526 3.844891 3.769042 3.780252
lr_rate: 0.01

Test set: Average loss: 2.2765, Accuracy: 14/375 (4%) (5%) (98%) (5%) (2%) (5%) (2%)

Train Epoch: 44 [2560/5102 (50%)]	Loss: 3.594540 3.448288 0.005684 3.842621 3.825484 3.792547 3.859911
lr_rate: 0.01
Train Epoch: 44 [4760/5102 (100%)]	Loss: 3.713500 3.534947 0.001831 3.912076 3.805357 3.906104 3.919810
lr_rate: 0.01

Test set: Average loss: 2.2961, Accuracy: 8/375 (2%) (5%) (99%) (3%) (3%) (5%) (1%)

Train Epoch: 45 [2560/5102 (50%)]	Loss: 3.786728 3.568726 0.000868 3.916345 3.802628 3.895700 3.945379
lr_rate: 0.01
Train Epoch: 45 [4760/5102 (100%)]	Loss: 3.594169 3.397690 0.001125 3.849836 3.793193 3.734816 3.787442
lr_rate: 0.01

Test set: Average loss: 2.2672, Accuracy: 15/375 (4%) (3%) (99%) (4%) (2%) (4%) (2%)

Train Epoch: 46 [2560/5102 (50%)]	Loss: 3.675445 3.413065 0.082510 3.807747 3.796583 3.747051 3.856218
lr_rate: 0.01
Train Epoch: 46 [4760/5102 (100%)]	Loss: 3.615039 3.347136 0.058034 3.653179 3.707666 3.760695 3.718186
lr_rate: 0.01

Test set: Average loss: 2.2297, Accuracy: 20/375 (5%) (4%) (98%) (5%) (3%) (4%) (2%)

Train Epoch: 47 [2560/5102 (50%)]	Loss: 3.604441 3.412415 0.003585 3.771406 3.772734 3.770122 3.784929
lr_rate: 0.01
Train Epoch: 47 [4760/5102 (100%)]	Loss: 3.662910 3.519382 0.013046 3.908514 3.792922 3.884837 3.929366
lr_rate: 0.01

Test set: Average loss: 2.2910, Accuracy: 10/375 (3%) (3%) (99%) (5%) (4%) (5%) (2%)

Train Epoch: 48 [2560/5102 (50%)]	Loss: 3.716937 3.423202 0.003762 3.850062 3.874177 3.859179 3.930912
lr_rate: 0.01
Train Epoch: 48 [4760/5102 (100%)]	Loss: 3.683231 3.348799 0.000747 3.874557 3.822248 3.880493 3.819448
lr_rate: 0.01

Test set: Average loss: 2.2704, Accuracy: 12/375 (3%) (3%) (99%) (4%) (5%) (4%) (2%)

Train Epoch: 49 [2560/5102 (50%)]	Loss: 3.608065 3.399520 0.000421 3.810028 3.774492 3.870158 3.825409
lr_rate: 0.01
Train Epoch: 49 [4760/5102 (100%)]	Loss: 3.671119 3.420510 0.000267 3.869707 3.893517 3.950514 3.781658
lr_rate: 0.01

Test set: Average loss: 2.2899, Accuracy: 18/375 (5%) (5%) (99%) (3%) (2%) (4%) (1%)

Train Epoch: 50 [2560/5102 (50%)]	Loss: 3.687431 3.461229 0.000980 3.816341 3.817823 3.876409 3.960262
lr_rate: 0.01
Train Epoch: 50 [4760/5102 (100%)]	Loss: 3.649906 3.363115 0.000118 3.863695 3.763903 3.788620 3.784542
lr_rate: 0.01

Test set: Average loss: 2.3310, Accuracy: 15/375 (4%) (6%) (99%) (3%) (2%) (2%) (3%)

Checkpoint saved to ./model/model_pr_epoch_50_2.pth
Train Epoch: 51 [2560/5102 (50%)]	Loss: 3.843284 3.523699 0.001017 3.898537 3.946092 3.907572 3.835564
lr_rate: 0.0099
Train Epoch: 51 [4760/5102 (100%)]	Loss: 3.776764 3.641536 0.000527 3.880895 3.989005 3.848471 4.059686
lr_rate: 0.0099

Test set: Average loss: 2.3405, Accuracy: 14/375 (4%) (5%) (99%) (3%) (5%) (4%) (3%)

Train Epoch: 52 [2560/5102 (50%)]	Loss: 3.808125 3.593504 0.000457 3.869978 4.024530 3.932185 4.035369
lr_rate: 0.0099
Train Epoch: 52 [4760/5102 (100%)]	Loss: 3.739755 3.473609 0.002108 4.071404 3.890521 3.873739 4.065479
lr_rate: 0.0099

Test set: Average loss: 2.3601, Accuracy: 19/375 (5%) (5%) (99%) (2%) (4%) (4%) (2%)

Train Epoch: 53 [2560/5102 (50%)]	Loss: 3.819114 3.540066 0.000072 3.940882 3.863433 3.931263 3.982971
lr_rate: 0.0099
Train Epoch: 53 [4760/5102 (100%)]	Loss: 3.747721 3.572193 0.000127 3.998295 4.032018 4.012633 3.931314
lr_rate: 0.0099

Test set: Average loss: 2.3522, Accuracy: 21/375 (6%) (2%) (100%) (3%) (3%) (4%) (3%)

Train Epoch: 54 [2560/5102 (50%)]	Loss: 3.876833 3.548922 0.001832 3.986907 3.888562 3.946795 4.103064
lr_rate: 0.0099
Train Epoch: 54 [4760/5102 (100%)]	Loss: 3.715702 3.408013 0.000791 3.863663 3.969074 3.970276 3.926212
lr_rate: 0.0099

Test set: Average loss: 2.3491, Accuracy: 16/375 (4%) (3%) (99%) (2%) (3%) (3%) (3%)

Train Epoch: 55 [2560/5102 (50%)]	Loss: 3.697886 3.436702 0.000360 3.962952 3.916152 3.861563 3.984338
lr_rate: 0.0099
Train Epoch: 55 [4760/5102 (100%)]	Loss: 3.714219 3.523431 0.004095 3.855022 3.918203 3.866861 3.863451
lr_rate: 0.0099

Test set: Average loss: 2.3380, Accuracy: 14/375 (4%) (3%) (100%) (3%) (2%) (4%) (3%)

Train Epoch: 56 [2560/5102 (50%)]	Loss: 3.620178 3.394348 0.000239 3.965056 3.909440 3.770254 3.915781
lr_rate: 0.0099
Train Epoch: 56 [4760/5102 (100%)]	Loss: 3.800693 3.556604 0.000085 4.044225 3.902831 3.944472 3.979585
lr_rate: 0.0099

Test set: Average loss: 2.3616, Accuracy: 12/375 (3%) (4%) (99%) (3%) (3%) (5%) (3%)

Train Epoch: 57 [2560/5102 (50%)]	Loss: 3.688497 3.632883 0.000104 3.890614 3.930058 4.032753 3.992792
lr_rate: 0.0099
Train Epoch: 57 [4760/5102 (100%)]	Loss: 3.791061 3.489625 0.000011 3.984189 3.910794 4.017179 4.010492
lr_rate: 0.0099

Test set: Average loss: 2.3801, Accuracy: 16/375 (4%) (5%) (99%) (3%) (3%) (4%) (2%)

Train Epoch: 58 [2560/5102 (50%)]	Loss: 3.740387 3.583699 0.000406 3.959376 3.967670 3.935461 3.947719
lr_rate: 0.0099
Train Epoch: 58 [4760/5102 (100%)]	Loss: 3.800934 3.515518 0.000044 3.919025 3.915815 3.928880 4.044466
lr_rate: 0.0099

Test set: Average loss: 2.3737, Accuracy: 9/375 (2%) (4%) (99%) (3%) (4%) (4%) (3%)

Train Epoch: 59 [2560/5102 (50%)]	Loss: 3.837704 3.668116 0.000033 4.050150 3.986588 4.081417 4.067238
lr_rate: 0.0099
Train Epoch: 59 [4760/5102 (100%)]	Loss: 3.769463 3.614374 0.000155 3.939769 3.887105 3.938442 3.991928
lr_rate: 0.0099

Test set: Average loss: 2.3759, Accuracy: 14/375 (4%) (4%) (99%) (2%) (2%) (3%) (3%)

Train Epoch: 60 [2560/5102 (50%)]	Loss: 3.675051 3.525973 0.000013 3.891882 3.954062 3.963839 4.023898
lr_rate: 0.0099
Train Epoch: 60 [4760/5102 (100%)]	Loss: 3.747545 3.562793 0.000030 3.919611 3.829642 3.896429 3.966063
lr_rate: 0.0099

Test set: Average loss: 2.3517, Accuracy: 17/375 (5%) (3%) (99%) (3%) (2%) (6%) (3%)

Train Epoch: 61 [2560/5102 (50%)]	Loss: 3.802956 3.585287 0.000022 3.969642 3.853100 3.897298 3.962800
lr_rate: 0.0099
Train Epoch: 61 [4760/5102 (100%)]	Loss: 3.795874 3.497414 0.000205 4.003081 3.841426 3.989676 4.089828
lr_rate: 0.0099

Test set: Average loss: 2.3569, Accuracy: 17/375 (5%) (6%) (99%) (3%) (2%) (3%) (4%)

Train Epoch: 62 [2560/5102 (50%)]	Loss: 3.700063 3.540442 0.000099 3.962034 3.864300 3.957293 4.030950
lr_rate: 0.0099
Train Epoch: 62 [4760/5102 (100%)]	Loss: 3.769951 3.539722 0.000049 4.033844 3.933800 3.832514 3.966262
lr_rate: 0.0099

Test set: Average loss: 2.3498, Accuracy: 21/375 (6%) (3%) (99%) (3%) (2%) (3%) (3%)

Train Epoch: 63 [2560/5102 (50%)]	Loss: 3.714791 3.493684 0.000169 3.926727 3.965826 3.941344 4.052940
lr_rate: 0.0099
Train Epoch: 63 [4760/5102 (100%)]	Loss: 3.893352 3.565140 0.000014 3.930878 4.003036 3.972725 4.082921
lr_rate: 0.0099

Test set: Average loss: 2.3511, Accuracy: 14/375 (4%) (3%) (99%) (2%) (2%) (6%) (3%)

Train Epoch: 64 [2560/5102 (50%)]	Loss: 3.886174 3.599130 0.000015 3.920232 3.984854 4.036736 3.990072
lr_rate: 0.0099
Train Epoch: 64 [4760/5102 (100%)]	Loss: 3.818154 3.498626 0.000067 3.935110 3.887197 4.059588 4.017613
lr_rate: 0.0099

Test set: Average loss: 2.3924, Accuracy: 15/375 (4%) (5%) (99%) (3%) (3%) (3%) (3%)

Train Epoch: 65 [2560/5102 (50%)]	Loss: 3.799082 3.532489 0.000015 4.036219 4.052057 4.031013 4.089931
lr_rate: 0.0099
Train Epoch: 65 [4760/5102 (100%)]	Loss: 3.878654 3.550892 0.000023 4.118337 3.948578 4.029222 4.019844
lr_rate: 0.0099

Test set: Average loss: 2.3985, Accuracy: 8/375 (2%) (4%) (99%) (2%) (5%) (5%) (3%)

Train Epoch: 66 [2560/5102 (50%)]	Loss: 3.743747 3.545550 0.000024 4.070328 3.952638 3.971509 3.997005
lr_rate: 0.0099
Train Epoch: 66 [4760/5102 (100%)]	Loss: 3.815499 3.601234 0.000020 4.068703 3.943951 4.147474 3.998380
lr_rate: 0.0099

Test set: Average loss: 2.4161, Accuracy: 12/375 (3%) (3%) (99%) (3%) (2%) (2%) (2%)

Train Epoch: 67 [2560/5102 (50%)]	Loss: 3.781645 3.568041 0.000049 4.067611 3.944846 3.838639 4.042676
lr_rate: 0.0099
Train Epoch: 67 [4760/5102 (100%)]	Loss: 3.826670 3.494932 0.000007 3.937734 3.893964 4.054821 4.166566
lr_rate: 0.0099

Test set: Average loss: 2.3983, Accuracy: 9/375 (2%) (5%) (99%) (3%) (3%) (3%) (4%)

Train Epoch: 68 [2560/5102 (50%)]	Loss: 3.743334 3.556802 0.000012 3.916567 3.970090 4.045732 3.967936
lr_rate: 0.0099
Train Epoch: 68 [4760/5102 (100%)]	Loss: 3.805902 3.536108 0.000036 3.911008 3.932832 3.942859 4.131181
lr_rate: 0.0099

Test set: Average loss: 2.4063, Accuracy: 15/375 (4%) (3%) (99%) (3%) (3%) (5%) (2%)

Train Epoch: 69 [2560/5102 (50%)]	Loss: 3.758187 3.665519 0.000033 3.933147 3.988522 3.894719 4.021570
lr_rate: 0.0099
Train Epoch: 69 [4760/5102 (100%)]	Loss: 3.849289 3.609720 0.000003 3.982017 4.019120 4.108698 4.102111
lr_rate: 0.0099

Test set: Average loss: 2.3960, Accuracy: 21/375 (6%) (3%) (99%) (3%) (3%) (5%) (2%)

Train Epoch: 70 [2560/5102 (50%)]	Loss: 3.995528 3.623244 0.000098 4.002011 4.095057 3.950890 4.052168
lr_rate: 0.0099
Train Epoch: 70 [4760/5102 (100%)]	Loss: 3.734673 3.499322 0.000001 4.006173 3.964347 4.009117 4.148050
lr_rate: 0.0099

Test set: Average loss: 2.4077, Accuracy: 17/375 (5%) (4%) (99%) (3%) (2%) (2%) (2%)

Train Epoch: 71 [2560/5102 (50%)]	Loss: 3.780930 3.732766 0.000014 4.011658 3.969807 3.977922 3.942755
lr_rate: 0.0099
Train Epoch: 71 [4760/5102 (100%)]	Loss: 3.830506 3.646997 0.000032 3.980831 3.955203 4.035940 4.093666
lr_rate: 0.0099

Test set: Average loss: 2.4008, Accuracy: 17/375 (5%) (5%) (99%) (4%) (3%) (4%) (3%)

Train Epoch: 72 [2560/5102 (50%)]	Loss: 3.831506 3.651529 0.000012 4.004069 4.047009 4.082801 4.034906
lr_rate: 0.0099
Train Epoch: 72 [4760/5102 (100%)]	Loss: 3.806033 3.578278 0.000001 4.042625 4.014177 4.111213 4.168117
lr_rate: 0.0099

Test set: Average loss: 2.4145, Accuracy: 12/375 (3%) (4%) (99%) (4%) (2%) (4%) (2%)

Train Epoch: 73 [2560/5102 (50%)]	Loss: 3.935121 3.626740 0.000007 4.009054 4.002918 4.038036 4.075302
lr_rate: 0.0099
Train Epoch: 73 [4760/5102 (100%)]	Loss: 3.815262 3.648160 0.000010 4.005350 4.183046 4.021906 4.113379
lr_rate: 0.0099

Test set: Average loss: 2.4214, Accuracy: 18/375 (5%) (4%) (99%) (3%) (2%) (4%) (3%)

Train Epoch: 74 [2560/5102 (50%)]	Loss: 3.819241 3.606734 0.000001 3.989962 4.077179 4.033161 4.138435
lr_rate: 0.0099
Train Epoch: 74 [4760/5102 (100%)]	Loss: 3.876101 3.673690 0.000011 4.061437 4.116777 4.016238 4.010708
lr_rate: 0.0099

Test set: Average loss: 2.4100, Accuracy: 14/375 (4%) (4%) (99%) (5%) (4%) (5%) (2%)

Train Epoch: 75 [2560/5102 (50%)]	Loss: 3.916964 3.647152 0.000004 4.046325 4.119004 4.111421 4.184984
lr_rate: 0.0099
Train Epoch: 75 [4760/5102 (100%)]	Loss: 4.049210 3.530185 0.000043 4.070015 4.022168 3.968075 4.095806
lr_rate: 0.0099

Test set: Average loss: 2.4325, Accuracy: 19/375 (5%) (3%) (99%) (3%) (3%) (3%) (3%)

Train Epoch: 76 [2560/5102 (50%)]	Loss: 3.796837 3.547901 0.000005 4.046062 3.860491 3.954843 3.917411
lr_rate: 0.0099
Train Epoch: 76 [4760/5102 (100%)]	Loss: 3.778805 3.583756 0.000055 3.983694 3.901068 3.945900 4.039087
lr_rate: 0.0099

Test set: Average loss: 2.4239, Accuracy: 7/375 (2%) (3%) (99%) (5%) (4%) (5%) (3%)

Train Epoch: 77 [2560/5102 (50%)]	Loss: 3.792008 3.537509 0.000051 4.014902 3.992233 4.042829 4.200256
lr_rate: 0.0099
Train Epoch: 77 [4760/5102 (100%)]	Loss: 3.837166 3.584663 0.000005 3.971579 3.984294 4.022049 4.100397
lr_rate: 0.0099

Test set: Average loss: 2.4266, Accuracy: 19/375 (5%) (3%) (99%) (5%) (4%) (4%) (2%)

Train Epoch: 78 [2560/5102 (50%)]	Loss: 3.900739 3.704307 0.000028 4.073889 4.018711 4.080374 4.025734
lr_rate: 0.0099
Train Epoch: 78 [4760/5102 (100%)]	Loss: 3.943341 3.661031 0.000005 3.963329 4.029757 4.092856 4.001143
lr_rate: 0.0099

Test set: Average loss: 2.4451, Accuracy: 10/375 (3%) (3%) (99%) (3%) (3%) (5%) (2%)

Train Epoch: 79 [2560/5102 (50%)]	Loss: 3.811130 3.526027 0.000006 4.069554 4.054576 4.030652 4.083060
lr_rate: 0.0099
Train Epoch: 79 [4760/5102 (100%)]	Loss: 3.942588 3.747000 0.000053 4.138309 3.927181 4.056201 4.051681
lr_rate: 0.0099

Test set: Average loss: 2.4474, Accuracy: 18/375 (5%) (3%) (99%) (3%) (4%) (4%) (4%)

Train Epoch: 80 [2560/5102 (50%)]	Loss: 3.690126 3.610899 0.000001 4.057714 4.046981 3.896263 4.145972
lr_rate: 0.0099
Train Epoch: 80 [4760/5102 (100%)]	Loss: 3.809867 3.519221 0.000078 3.911413 3.965748 4.033693 3.956973
lr_rate: 0.0099

Test set: Average loss: 2.4298, Accuracy: 14/375 (4%) (4%) (99%) (3%) (4%) (5%) (2%)

Train Epoch: 81 [2560/5102 (50%)]	Loss: 3.888245 3.571090 0.000218 4.036609 4.063864 3.990939 4.053337
lr_rate: 0.0099
Train Epoch: 81 [4760/5102 (100%)]	Loss: 3.954355 3.535885 0.000021 4.048768 4.036544 4.043932 3.985442
lr_rate: 0.0099

Test set: Average loss: 2.4500, Accuracy: 12/375 (3%) (5%) (99%) (4%) (2%) (3%) (3%)

Train Epoch: 82 [2560/5102 (50%)]	Loss: 3.796262 3.772192 0.000003 4.044249 4.078096 4.081275 4.226323
lr_rate: 0.0099
Train Epoch: 82 [4760/5102 (100%)]	Loss: 3.967102 3.663519 0.000010 4.180226 4.001128 4.029088 4.135648
lr_rate: 0.0099

Test set: Average loss: 2.4372, Accuracy: 14/375 (4%) (4%) (99%) (3%) (4%) (3%) (3%)

Train Epoch: 83 [2560/5102 (50%)]	Loss: 3.758950 3.725152 0.000052 4.041908 4.021711 4.077105 4.183726
lr_rate: 0.0099
Train Epoch: 83 [4760/5102 (100%)]	Loss: 3.921515 3.688747 0.000002 3.931510 4.080002 3.975030 4.048084
lr_rate: 0.0099

Test set: Average loss: 2.4569, Accuracy: 20/375 (5%) (3%) (99%) (4%) (3%) (2%) (2%)

Train Epoch: 84 [2560/5102 (50%)]	Loss: 3.879246 3.681135 0.000001 4.009697 4.087364 4.090868 4.081426
lr_rate: 0.0099
Train Epoch: 84 [4760/5102 (100%)]	Loss: 3.897246 3.689204 0.000001 4.108362 3.963761 4.140977 4.127923
lr_rate: 0.0099

Test set: Average loss: 2.4342, Accuracy: 14/375 (4%) (3%) (99%) (3%) (2%) (4%) (4%)

Train Epoch: 85 [2560/5102 (50%)]	Loss: 3.839120 3.617144 0.000032 4.066575 3.954774 4.025699 3.968677
lr_rate: 0.0099
Train Epoch: 85 [4760/5102 (100%)]	Loss: 3.976592 3.696276 0.000015 3.985064 3.985286 3.949141 4.081226
lr_rate: 0.0099

Test set: Average loss: 2.4554, Accuracy: 16/375 (4%) (5%) (99%) (3%) (2%) (5%) (2%)

Train Epoch: 86 [2560/5102 (50%)]	Loss: 3.845968 3.635924 0.000031 4.072012 4.177811 4.130985 4.207167
lr_rate: 0.0099
Train Epoch: 86 [4760/5102 (100%)]	Loss: 3.916998 3.797155 0.000011 4.084661 4.118321 4.070446 4.129713
lr_rate: 0.0099

Test set: Average loss: 2.4448, Accuracy: 10/375 (3%) (3%) (99%) (3%) (3%) (3%) (2%)

Train Epoch: 87 [2560/5102 (50%)]	Loss: 3.888638 3.633266 0.000003 4.065091 4.107915 4.068936 4.179697
lr_rate: 0.0099
Train Epoch: 87 [4760/5102 (100%)]	Loss: 3.906912 3.632622 0.000017 3.985522 4.132091 4.081131 3.981706
lr_rate: 0.0099

Test set: Average loss: 2.4613, Accuracy: 7/375 (2%) (5%) (99%) (3%) (2%) (5%) (4%)

Train Epoch: 88 [2560/5102 (50%)]	Loss: 3.836213 3.659097 0.000002 3.995127 4.258080 4.115502 4.121404
lr_rate: 0.0099
Train Epoch: 88 [4760/5102 (100%)]	Loss: 3.957982 3.680624 0.000010 4.082126 4.041305 4.171097 4.029083
lr_rate: 0.0099

Test set: Average loss: 2.4701, Accuracy: 14/375 (4%) (5%) (99%) (6%) (1%) (3%) (2%)

Train Epoch: 89 [2560/5102 (50%)]	Loss: 3.846965 3.773824 0.000002 3.958046 4.122067 4.060803 4.222345
lr_rate: 0.0099
Train Epoch: 89 [4760/5102 (100%)]	Loss: 3.902091 3.742187 0.000001 4.085384 4.014031 4.092752 4.108730
lr_rate: 0.0099

Test set: Average loss: 2.4525, Accuracy: 12/375 (3%) (6%) (99%) (2%) (4%) (4%) (3%)

Train Epoch: 90 [2560/5102 (50%)]	Loss: 3.913636 3.686946 0.000001 4.139395 4.052826 4.130889 4.267227
lr_rate: 0.0099
Train Epoch: 90 [4760/5102 (100%)]	Loss: 3.912162 3.561881 0.000429 4.105945 3.922445 4.240132 4.174345
lr_rate: 0.0099

Test set: Average loss: 2.4779, Accuracy: 17/375 (5%) (3%) (99%) (4%) (4%) (2%) (3%)

Train Epoch: 91 [2560/5102 (50%)]	Loss: 3.863699 3.705447 0.000014 3.950411 4.097448 4.084464 4.239420
lr_rate: 0.0099
Train Epoch: 91 [4760/5102 (100%)]	Loss: 3.910720 3.780322 0.000001 4.234038 3.986558 4.217033 4.135913
lr_rate: 0.0099

Test set: Average loss: 2.4473, Accuracy: 21/375 (6%) (3%) (99%) (5%) (4%) (6%) (2%)

Train Epoch: 92 [2560/5102 (50%)]	Loss: 3.828350 3.774930 0.000004 3.875234 4.011530 3.987786 4.133759
lr_rate: 0.0099
Train Epoch: 92 [4760/5102 (100%)]	Loss: 3.728916 3.613735 0.000004 4.013858 4.065300 4.003431 4.223577
lr_rate: 0.0099

Test set: Average loss: 2.4589, Accuracy: 11/375 (3%) (3%) (99%) (3%) (4%) (5%) (2%)

Train Epoch: 93 [2560/5102 (50%)]	Loss: 3.816787 3.654123 0.000018 4.152262 3.883686 4.003057 4.147486
lr_rate: 0.0099
Train Epoch: 93 [4760/5102 (100%)]	Loss: 3.854939 3.699571 0.000032 4.122257 4.066728 4.031635 4.158260
lr_rate: 0.0099

Test set: Average loss: 2.4469, Accuracy: 25/375 (7%) (3%) (99%) (3%) (4%) (5%) (3%)

Train Epoch: 94 [2560/5102 (50%)]	Loss: 3.898534 3.724364 0.000014 4.069263 3.998682 4.295919 4.149425
lr_rate: 0.0099
Train Epoch: 94 [4760/5102 (100%)]	Loss: 3.870362 3.776350 0.000076 4.137459 4.079410 4.238962 4.112287
lr_rate: 0.0099

Test set: Average loss: 2.4587, Accuracy: 13/375 (3%) (4%) (99%) (3%) (2%) (4%) (3%)

Train Epoch: 95 [2560/5102 (50%)]	Loss: 3.887441 3.679305 0.000015 4.126844 4.020943 4.173276 4.176963
lr_rate: 0.0099
Train Epoch: 95 [4760/5102 (100%)]	Loss: 3.989954 3.703337 0.000006 4.134483 4.153839 4.124686 4.283769
lr_rate: 0.0099

Test set: Average loss: 2.4704, Accuracy: 16/375 (4%) (4%) (99%) (3%) (3%) (5%) (3%)

Train Epoch: 96 [2560/5102 (50%)]	Loss: 3.811062 3.659899 0.000009 4.019514 4.032464 3.962322 4.024358
lr_rate: 0.0099
Train Epoch: 96 [4760/5102 (100%)]	Loss: 4.100575 3.736360 0.000007 4.225182 4.074480 4.191693 4.074481
lr_rate: 0.0099

Test set: Average loss: 2.4572, Accuracy: 13/375 (3%) (3%) (99%) (3%) (2%) (3%) (3%)

Train Epoch: 97 [2560/5102 (50%)]	Loss: 3.922321 3.610413 0.000036 4.190866 4.058986 4.078410 4.205020
lr_rate: 0.0099
Train Epoch: 97 [4760/5102 (100%)]	Loss: 3.959733 3.851765 0.000009 4.108514 3.996973 4.093923 4.055242
lr_rate: 0.0099

Test set: Average loss: 2.4703, Accuracy: 13/375 (3%) (4%) (99%) (2%) (3%) (4%) (2%)

Train Epoch: 98 [2560/5102 (50%)]	Loss: 3.817188 3.727372 0.000009 4.203375 4.084884 3.919338 4.185625
lr_rate: 0.0099
Train Epoch: 98 [4760/5102 (100%)]	Loss: 3.993017 3.623721 0.000005 4.163952 4.181038 4.028395 4.109687
lr_rate: 0.0099

Test set: Average loss: 2.4724, Accuracy: 12/375 (3%) (5%) (99%) (3%) (3%) (3%) (4%)

Train Epoch: 99 [2560/5102 (50%)]	Loss: 3.902062 3.668049 0.000002 4.247839 4.095732 4.094858 4.165936
lr_rate: 0.0099
Train Epoch: 99 [4760/5102 (100%)]	Loss: 4.008306 3.655872 0.000004 4.119343 4.167763 4.075972 4.265385
lr_rate: 0.0099

Test set: Average loss: 2.4619, Accuracy: 18/375 (5%) (4%) (99%) (2%) (2%) (3%) (3%)

Train Epoch: 100 [2560/5102 (50%)]	Loss: 3.841091 3.612666 0.000001 4.128809 3.988300 4.106198 4.165563
lr_rate: 0.0099
Train Epoch: 100 [4760/5102 (100%)]	Loss: 3.975197 3.727673 0.000005 4.152923 4.000767 3.978800 4.239614
lr_rate: 0.0099

Test set: Average loss: 2.4645, Accuracy: 16/375 (4%) (2%) (99%) (3%) (3%) (5%) (3%)

Checkpoint saved to ./model/model_pr_epoch_100_2.pth
Train Epoch: 101 [2560/5102 (50%)]	Loss: 4.014831 3.769995 0.000004 4.241144 4.046316 4.215224 4.101395
lr_rate: 0.009801
Train Epoch: 101 [4760/5102 (100%)]	Loss: 3.932304 3.723675 0.000044 4.084702 4.018368 4.162493 4.071055
lr_rate: 0.009801

Test set: Average loss: 2.5029, Accuracy: 13/375 (3%) (3%) (99%) (4%) (2%) (5%) (3%)

Train Epoch: 102 [2560/5102 (50%)]	Loss: 3.879557 3.680200 0.000001 3.985544 3.981566 4.097157 4.202271
lr_rate: 0.009801
Train Epoch: 102 [4760/5102 (100%)]	Loss: 3.973617 3.781118 0.000005 4.179536 4.149026 4.142277 4.208737
lr_rate: 0.009801

Test set: Average loss: 2.4850, Accuracy: 15/375 (4%) (5%) (99%) (2%) (4%) (4%) (5%)

Train Epoch: 103 [2560/5102 (50%)]	Loss: 3.993243 3.691969 0.000002 4.240700 4.131168 4.119851 4.270770
lr_rate: 0.009801
Train Epoch: 103 [4760/5102 (100%)]	Loss: 3.879330 3.723099 0.000021 4.135880 4.080489 4.201818 4.161625
lr_rate: 0.009801

Test set: Average loss: 2.4756, Accuracy: 12/375 (3%) (6%) (99%) (4%) (5%) (3%) (4%)

Train Epoch: 104 [2560/5102 (50%)]	Loss: 3.938194 3.672143 0.000009 4.062819 4.049360 4.079595 4.150256
lr_rate: 0.009801
Train Epoch: 104 [4760/5102 (100%)]	Loss: 3.919538 3.647091 0.000016 4.101464 4.007592 4.262981 4.130679
lr_rate: 0.009801

Test set: Average loss: 2.4867, Accuracy: 13/375 (3%) (4%) (99%) (3%) (2%) (3%) (2%)

Train Epoch: 105 [2560/5102 (50%)]	Loss: 4.047892 3.786182 0.000298 4.234149 3.960231 4.083532 4.242365
lr_rate: 0.009801
Train Epoch: 105 [4760/5102 (100%)]	Loss: 3.959035 3.612499 0.000001 4.235534 4.095661 4.039649 4.212744
lr_rate: 0.009801

Test set: Average loss: 2.4860, Accuracy: 11/375 (3%) (5%) (99%) (4%) (3%) (4%) (1%)

Train Epoch: 106 [2560/5102 (50%)]	Loss: 3.942611 3.603954 0.000020 4.170940 4.193634 4.121638 4.262102
lr_rate: 0.009801
Train Epoch: 106 [4760/5102 (100%)]	Loss: 3.844897 3.799171 0.000001 4.032919 4.163803 4.163783 4.183563
lr_rate: 0.009801

Test set: Average loss: 2.5036, Accuracy: 15/375 (4%) (3%) (99%) (3%) (4%) (4%) (3%)

Train Epoch: 107 [2560/5102 (50%)]	Loss: 4.017769 3.519480 0.000001 4.013218 4.113746 3.944943 4.219472
lr_rate: 0.009801
Train Epoch: 107 [4760/5102 (100%)]	Loss: 3.893432 3.763045 0.000005 4.064731 4.213908 4.068780 4.062254
lr_rate: 0.009801

Test set: Average loss: 2.4769, Accuracy: 18/375 (5%) (4%) (99%) (2%) (2%) (5%) (3%)

Train Epoch: 108 [2560/5102 (50%)]	Loss: 3.903395 3.676025 0.000010 4.159240 4.006851 4.061902 4.170110
lr_rate: 0.009801
Train Epoch: 108 [4760/5102 (100%)]	Loss: 3.904409 3.659813 0.000010 4.280348 4.000666 4.216260 4.244570
lr_rate: 0.009801

Test set: Average loss: 2.5040, Accuracy: 13/375 (3%) (2%) (99%) (3%) (2%) (4%) (3%)

Train Epoch: 109 [2560/5102 (50%)]	Loss: 3.888780 3.611237 0.000200 3.968420 3.994607 4.127144 4.070209
lr_rate: 0.009801
Train Epoch: 109 [4760/5102 (100%)]	Loss: 3.949893 3.698433 0.000002 4.116585 4.215017 4.150012 4.191467
lr_rate: 0.009801

Test set: Average loss: 2.4891, Accuracy: 10/375 (3%) (3%) (99%) (5%) (3%) (3%) (2%)

Train Epoch: 110 [2560/5102 (50%)]	Loss: 3.910281 3.597638 0.000002 4.222509 4.048007 4.110022 4.188159
lr_rate: 0.009801
Train Epoch: 110 [4760/5102 (100%)]	Loss: 3.819785 3.717389 0.000001 4.073736 4.031190 4.153980 4.178426
lr_rate: 0.009801

Test set: Average loss: 2.4959, Accuracy: 17/375 (5%) (3%) (99%) (4%) (3%) (5%) (2%)

Train Epoch: 111 [2560/5102 (50%)]	Loss: 3.934987 3.675153 0.000044 4.189779 4.108319 4.244264 4.143528
lr_rate: 0.009801
Train Epoch: 111 [4760/5102 (100%)]	Loss: 3.882136 3.774124 0.000013 4.102427 3.898073 4.121551 4.241674
lr_rate: 0.009801

Test set: Average loss: 2.5047, Accuracy: 12/375 (3%) (5%) (99%) (4%) (3%) (2%) (3%)

Train Epoch: 112 [2560/5102 (50%)]	Loss: 3.905729 3.731439 0.000003 4.151300 4.106220 4.095835 4.128254
lr_rate: 0.009801
Train Epoch: 112 [4760/5102 (100%)]	Loss: 4.091557 3.708794 0.000004 4.159023 3.995285 4.130555 4.167011
lr_rate: 0.009801

Test set: Average loss: 2.4804, Accuracy: 6/375 (2%) (4%) (99%) (2%) (2%) (3%) (3%)

Train Epoch: 113 [2560/5102 (50%)]	Loss: 3.913347 3.642449 0.000047 4.121246 4.179121 4.096700 4.297707
lr_rate: 0.009801
Train Epoch: 113 [4760/5102 (100%)]	Loss: 3.991272 3.793418 0.000000 4.153909 4.137277 4.319890 4.426688
lr_rate: 0.009801

Test set: Average loss: 2.5026, Accuracy: 8/375 (2%) (6%) (100%) (3%) (3%) (4%) (2%)

Train Epoch: 114 [2560/5102 (50%)]	Loss: 3.885573 3.763512 0.000006 4.211210 4.188199 4.123612 4.155940
lr_rate: 0.009801
Train Epoch: 114 [4760/5102 (100%)]	Loss: 3.976307 3.731497 0.000003 4.137681 4.035376 4.102451 4.098251
lr_rate: 0.009801

Test set: Average loss: 2.4888, Accuracy: 13/375 (3%) (5%) (99%) (3%) (3%) (6%) (1%)

Train Epoch: 115 [2560/5102 (50%)]	Loss: 3.911802 3.706590 0.000006 4.160015 4.203180 4.149911 4.151852
lr_rate: 0.009801
Train Epoch: 115 [4760/5102 (100%)]	Loss: 3.871317 3.767541 0.000001 4.198062 4.083932 4.249032 4.172053
lr_rate: 0.009801

Test set: Average loss: 2.4873, Accuracy: 17/375 (5%) (2%) (99%) (3%) (3%) (3%) (2%)

Train Epoch: 116 [2560/5102 (50%)]	Loss: 3.939667 3.788100 0.000008 4.155825 4.091914 4.175572 4.118438
lr_rate: 0.009801
Train Epoch: 116 [4760/5102 (100%)]	Loss: 3.979663 3.755053 0.000002 4.216310 4.253955 4.227687 4.265126
lr_rate: 0.009801

Test set: Average loss: 2.5005, Accuracy: 17/375 (5%) (3%) (99%) (2%) (3%) (4%) (3%)

Train Epoch: 117 [2560/5102 (50%)]	Loss: 3.997208 3.915051 0.000006 4.159646 4.073651 4.189501 4.227489
lr_rate: 0.009801
Train Epoch: 117 [4760/5102 (100%)]	Loss: 3.921843 3.666460 0.000157 4.095057 4.257862 4.268549 4.435542
lr_rate: 0.009801

Test set: Average loss: 2.4940, Accuracy: 13/375 (3%) (5%) (99%) (3%) (2%) (3%) (3%)

Train Epoch: 118 [2560/5102 (50%)]	Loss: 3.898122 3.725876 0.000006 4.246694 4.169459 4.153358 4.208984
lr_rate: 0.009801
Train Epoch: 118 [4760/5102 (100%)]	Loss: 3.902934 3.642416 0.000001 3.981807 4.072492 3.972123 4.106952
lr_rate: 0.009801

Test set: Average loss: 2.4849, Accuracy: 14/375 (4%) (5%) (99%) (4%) (2%) (4%) (3%)

Train Epoch: 119 [2560/5102 (50%)]	Loss: 3.822757 3.727004 0.000004 4.178573 4.038596 4.086860 4.177011
lr_rate: 0.009801
Train Epoch: 119 [4760/5102 (100%)]	Loss: 3.892796 3.567333 0.000002 4.043877 4.075655 4.283412 4.041811
lr_rate: 0.009801

Test set: Average loss: 2.4755, Accuracy: 12/375 (3%) (3%) (100%) (5%) (4%) (5%) (3%)

Train Epoch: 120 [2560/5102 (50%)]	Loss: 3.840247 3.657082 0.000010 4.036974 4.047370 4.098956 4.173866
lr_rate: 0.009801
Train Epoch: 120 [4760/5102 (100%)]	Loss: 3.926201 3.709014 0.000006 4.127041 4.120448 4.249684 4.009402
lr_rate: 0.009801

Test set: Average loss: 2.4842, Accuracy: 13/375 (3%) (7%) (99%) (3%) (4%) (3%) (2%)

Train Epoch: 121 [2560/5102 (50%)]	Loss: 3.998265 3.640224 0.000001 4.165822 4.094908 4.235953 4.075438
lr_rate: 0.009801
Train Epoch: 121 [4760/5102 (100%)]	Loss: 3.897949 3.645892 0.000007 4.157763 4.131622 4.190025 4.176020
lr_rate: 0.009801

Test set: Average loss: 2.5092, Accuracy: 10/375 (3%) (4%) (99%) (3%) (3%) (4%) (2%)

Train Epoch: 122 [2560/5102 (50%)]	Loss: 3.917054 3.794755 0.000009 4.122122 4.015738 4.218052 4.148091
lr_rate: 0.009801
Train Epoch: 122 [4760/5102 (100%)]	Loss: 3.888606 3.729774 0.000006 4.180106 4.149897 4.098702 4.143736
lr_rate: 0.009801

Test set: Average loss: 2.5126, Accuracy: 13/375 (3%) (3%) (99%) (3%) (3%) (4%) (2%)

Train Epoch: 123 [2560/5102 (50%)]	Loss: 4.003726 3.758902 0.000001 4.158461 3.989905 4.215554 4.169033
lr_rate: 0.009801
Train Epoch: 123 [4760/5102 (100%)]	Loss: 4.009925 3.652053 0.000003 4.102907 4.125668 4.255727 4.153377
lr_rate: 0.009801

Test set: Average loss: 2.4837, Accuracy: 16/375 (4%) (3%) (99%) (4%) (3%) (2%) (3%)

Train Epoch: 124 [2560/5102 (50%)]	Loss: 3.877144 3.926799 0.000000 4.286708 4.090032 4.293907 4.134965
lr_rate: 0.009801
Train Epoch: 124 [4760/5102 (100%)]	Loss: 4.012019 3.669349 0.000002 4.201262 4.085876 4.109954 4.163479
lr_rate: 0.009801

Test set: Average loss: 2.5026, Accuracy: 20/375 (5%) (3%) (99%) (2%) (3%) (4%) (3%)

Train Epoch: 125 [2560/5102 (50%)]	Loss: 4.007443 3.731301 0.000002 4.168315 4.090516 4.110130 4.106627
lr_rate: 0.009801
Train Epoch: 125 [4760/5102 (100%)]	Loss: 3.916150 3.657710 0.000002 4.142440 4.160808 4.005543 4.149036
lr_rate: 0.009801

Test set: Average loss: 2.4654, Accuracy: 24/375 (6%) (4%) (99%) (2%) (5%) (5%) (2%)

Train Epoch: 126 [2560/5102 (50%)]	Loss: 3.931599 3.709332 0.000002 4.166841 4.275815 4.202966 4.184779
lr_rate: 0.009801
Train Epoch: 126 [4760/5102 (100%)]	Loss: 3.919226 3.701260 0.000004 4.106806 4.095680 4.074587 4.264296
lr_rate: 0.009801

Test set: Average loss: 2.5010, Accuracy: 16/375 (4%) (4%) (99%) (2%) (2%) (4%) (3%)

Train Epoch: 127 [2560/5102 (50%)]	Loss: 3.923750 3.804746 0.000062 4.175450 4.104382 4.278522 4.225480
lr_rate: 0.009801
Train Epoch: 127 [4760/5102 (100%)]	Loss: 3.936596 3.801455 0.000002 4.305974 4.339072 4.085004 4.223291
lr_rate: 0.009801

Test set: Average loss: 2.4658, Accuracy: 11/375 (3%) (6%) (100%) (3%) (3%) (4%) (3%)

Train Epoch: 128 [2560/5102 (50%)]	Loss: 3.994868 3.679233 0.000001 4.083163 4.151477 4.094521 4.181920
lr_rate: 0.009801
Train Epoch: 128 [4760/5102 (100%)]	Loss: 4.129639 3.715854 0.000010 4.030187 3.990242 4.105551 4.244213
lr_rate: 0.009801

Test set: Average loss: 2.5028, Accuracy: 16/375 (4%) (3%) (99%) (5%) (2%) (4%) (2%)

Train Epoch: 129 [2560/5102 (50%)]	Loss: 3.975285 3.634730 0.000012 4.211788 4.071920 4.218213 4.199057
lr_rate: 0.009801
Train Epoch: 129 [4760/5102 (100%)]	Loss: 3.934877 3.685896 0.000005 4.167885 4.180819 4.171563 4.161485
lr_rate: 0.009801

Test set: Average loss: 2.4835, Accuracy: 14/375 (4%) (4%) (99%) (4%) (2%) (4%) (3%)

Train Epoch: 130 [2560/5102 (50%)]	Loss: 3.908292 3.674246 0.000020 4.211443 4.212747 4.206539 4.238484
lr_rate: 0.009801
Train Epoch: 130 [4760/5102 (100%)]	Loss: 3.980188 3.853702 0.000001 4.172230 4.024730 4.164032 4.054124
lr_rate: 0.009801

Test set: Average loss: 2.4661, Accuracy: 17/375 (5%) (3%) (99%) (4%) (3%) (6%) (3%)

Train Epoch: 131 [2560/5102 (50%)]	Loss: 3.932814 3.817171 0.000005 4.362060 4.162146 4.178028 4.154654
lr_rate: 0.009801
Train Epoch: 131 [4760/5102 (100%)]	Loss: 3.997169 3.809828 0.000036 4.126006 4.106861 4.042576 4.134757
lr_rate: 0.009801

Test set: Average loss: 2.4928, Accuracy: 13/375 (3%) (4%) (99%) (2%) (3%) (5%) (2%)

Train Epoch: 132 [2560/5102 (50%)]	Loss: 3.755741 3.749384 0.000004 4.141504 4.167312 4.146271 4.228843
lr_rate: 0.009801
Train Epoch: 132 [4760/5102 (100%)]	Loss: 4.075428 3.701483 0.000029 4.143062 4.155122 4.009656 4.234119
lr_rate: 0.009801

Test set: Average loss: 2.4859, Accuracy: 17/375 (5%) (6%) (100%) (4%) (2%) (4%) (2%)

Train Epoch: 133 [2560/5102 (50%)]	Loss: 3.842773 3.684558 0.000001 4.083932 4.045817 4.101859 4.076801
lr_rate: 0.009801
Train Epoch: 133 [4760/5102 (100%)]	Loss: 3.988700 3.633665 0.000015 4.142243 4.189811 4.174360 4.089427
lr_rate: 0.009801

Test set: Average loss: 2.4862, Accuracy: 16/375 (4%) (4%) (99%) (3%) (1%) (4%) (4%)

Train Epoch: 134 [2560/5102 (50%)]	Loss: 3.949252 3.668433 0.000002 3.893086 4.094340 4.120102 4.095430
lr_rate: 0.009801
Train Epoch: 134 [4760/5102 (100%)]	Loss: 3.934149 3.676110 0.000014 4.093445 4.031030 4.099993 4.227838
lr_rate: 0.009801

Test set: Average loss: 2.4953, Accuracy: 15/375 (4%) (5%) (99%) (2%) (3%) (4%) (2%)

Train Epoch: 135 [2560/5102 (50%)]	Loss: 3.834516 3.621807 0.000010 4.156057 4.158245 4.081189 4.020759
lr_rate: 0.009801
Train Epoch: 135 [4760/5102 (100%)]	Loss: 3.824714 3.458578 0.000001 4.068294 4.203179 4.168945 4.190100
lr_rate: 0.009801

Test set: Average loss: 2.4930, Accuracy: 15/375 (4%) (3%) (99%) (3%) (4%) (6%) (2%)

Train Epoch: 136 [2560/5102 (50%)]	Loss: 3.980260 3.707381 0.000009 4.029510 4.097583 4.070804 4.243974
lr_rate: 0.009801
Train Epoch: 136 [4760/5102 (100%)]	Loss: 4.111340 3.801031 0.000026 4.168697 4.103531 4.101249 4.142869
lr_rate: 0.009801

Test set: Average loss: 2.5018, Accuracy: 15/375 (4%) (2%) (99%) (2%) (4%) (4%) (3%)

Train Epoch: 137 [2560/5102 (50%)]	Loss: 4.004036 3.678542 0.000003 4.213909 4.130005 4.215739 4.195013
lr_rate: 0.009801
Train Epoch: 137 [4760/5102 (100%)]	Loss: 4.042132 3.724985 0.000001 4.129999 4.173441 4.050165 4.331349
lr_rate: 0.009801

Test set: Average loss: 2.4944, Accuracy: 11/375 (3%) (4%) (99%) (2%) (4%) (4%) (3%)

Train Epoch: 138 [2560/5102 (50%)]	Loss: 4.118509 3.872070 0.000001 4.215342 4.195575 4.131285 4.305494
lr_rate: 0.009801
Train Epoch: 138 [4760/5102 (100%)]	Loss: 3.976338 3.817452 0.000002 4.036225 4.212786 4.184311 4.220911
lr_rate: 0.009801

Test set: Average loss: 2.4963, Accuracy: 10/375 (3%) (5%) (100%) (3%) (1%) (4%) (3%)

Train Epoch: 139 [2560/5102 (50%)]	Loss: 3.883370 3.759399 0.000002 4.129375 4.080118 4.208302 4.138669
lr_rate: 0.009801
Train Epoch: 139 [4760/5102 (100%)]	Loss: 3.863028 3.792402 0.000003 4.189013 4.184707 4.207633 4.169590
lr_rate: 0.009801

Test set: Average loss: 2.5160, Accuracy: 12/375 (3%) (4%) (99%) (5%) (3%) (4%) (2%)

Train Epoch: 140 [2560/5102 (50%)]	Loss: 3.946622 3.750096 0.002164 4.069090 4.141234 4.039958 4.271804
lr_rate: 0.009801
Train Epoch: 140 [4760/5102 (100%)]	Loss: 3.904128 3.754537 0.000002 4.074625 4.103615 4.172775 4.168702
lr_rate: 0.009801

Test set: Average loss: 2.5058, Accuracy: 17/375 (5%) (3%) (100%) (3%) (2%) (3%) (3%)

Train Epoch: 141 [2560/5102 (50%)]	Loss: 3.870985 3.767306 0.000018 4.088484 4.102656 4.283622 4.290631
lr_rate: 0.009801
Train Epoch: 141 [4760/5102 (100%)]	Loss: 3.964887 3.845482 0.000022 4.050671 4.126386 4.238204 4.099504
lr_rate: 0.009801

Test set: Average loss: 2.4743, Accuracy: 20/375 (5%) (3%) (99%) (3%) (4%) (5%) (3%)

Train Epoch: 142 [2560/5102 (50%)]	Loss: 3.839467 3.668348 0.000001 3.993193 4.013290 4.040828 4.184983
lr_rate: 0.009801
Train Epoch: 142 [4760/5102 (100%)]	Loss: 4.014953 3.804373 0.000001 4.156488 4.210034 4.232661 4.186294
lr_rate: 0.009801

Test set: Average loss: 2.4853, Accuracy: 17/375 (5%) (5%) (99%) (3%) (4%) (4%) (3%)

Train Epoch: 143 [2560/5102 (50%)]	Loss: 3.936157 3.716733 0.000004 4.243726 4.148267 4.086083 4.194798
lr_rate: 0.009801
Train Epoch: 143 [4760/5102 (100%)]	Loss: 3.924314 3.663774 0.000012 4.170005 4.236377 4.132583 4.052780
lr_rate: 0.009801

Test set: Average loss: 2.4938, Accuracy: 17/375 (5%) (4%) (99%) (2%) (4%) (2%) (3%)

Train Epoch: 144 [2560/5102 (50%)]	Loss: 3.956611 3.754730 0.000003 4.126213 4.315049 4.239984 4.220255
lr_rate: 0.009801
Train Epoch: 144 [4760/5102 (100%)]	Loss: 3.946059 3.666097 0.000000 4.105548 4.167619 4.104241 4.230658
lr_rate: 0.009801

Test set: Average loss: 2.4947, Accuracy: 15/375 (4%) (3%) (100%) (3%) (3%) (5%) (2%)

Train Epoch: 145 [2560/5102 (50%)]	Loss: 3.885638 3.810696 0.000001 4.218260 4.140373 4.154136 4.287346
lr_rate: 0.009801
Train Epoch: 145 [4760/5102 (100%)]	Loss: 4.017272 3.734935 0.000003 4.177946 4.172429 4.053574 4.317252
lr_rate: 0.009801

Test set: Average loss: 2.5460, Accuracy: 23/375 (6%) (5%) (99%) (3%) (3%) (4%) (2%)

Train Epoch: 146 [2560/5102 (50%)]	Loss: 4.008275 3.835734 0.000009 4.020393 4.021438 4.145623 4.277074
lr_rate: 0.009801
Train Epoch: 146 [4760/5102 (100%)]	Loss: 3.901883 3.849287 0.000018 3.992612 4.118913 4.214423 4.241982
lr_rate: 0.009801

Test set: Average loss: 2.4856, Accuracy: 18/375 (5%) (4%) (100%) (3%) (5%) (3%) (2%)

Train Epoch: 147 [2560/5102 (50%)]	Loss: 3.895919 3.862577 0.000107 3.986571 4.158041 4.312643 4.336015
lr_rate: 0.009801
Train Epoch: 147 [4760/5102 (100%)]	Loss: 3.948060 3.667018 0.000000 4.131452 4.120497 4.243883 4.161635
lr_rate: 0.009801

Test set: Average loss: 2.4962, Accuracy: 18/375 (5%) (3%) (99%) (2%) (2%) (6%) (2%)

Train Epoch: 148 [2560/5102 (50%)]	Loss: 3.977465 3.712431 0.000004 4.126564 3.976417 4.005756 4.197600
lr_rate: 0.009801
Train Epoch: 148 [4760/5102 (100%)]	Loss: 4.075495 3.701876 0.000006 4.173889 4.194291 4.089469 4.025799
lr_rate: 0.009801

Test set: Average loss: 2.5152, Accuracy: 18/375 (5%) (5%) (99%) (3%) (3%) (3%) (2%)

Train Epoch: 149 [2560/5102 (50%)]	Loss: 3.989246 3.807399 0.000000 4.198006 4.264646 4.284840 4.272139
lr_rate: 0.009801
Train Epoch: 149 [4760/5102 (100%)]	Loss: 3.949981 3.760218 0.000013 4.073522 4.052618 4.192147 4.192586
lr_rate: 0.009801

Test set: Average loss: 2.5042, Accuracy: 17/375 (5%) (4%) (100%) (2%) (3%) (4%) (3%)

Train Epoch: 150 [2560/5102 (50%)]	Loss: 4.059972 3.624442 0.000003 4.092466 4.166659 4.210487 4.188609
lr_rate: 0.009801
Train Epoch: 150 [4760/5102 (100%)]	Loss: 3.951277 3.800264 0.000033 4.061027 4.111176 4.242872 4.168278
lr_rate: 0.009801

Test set: Average loss: 2.5124, Accuracy: 16/375 (4%) (7%) (99%) (2%) (3%) (4%) (3%)

Checkpoint saved to ./model/model_pr_epoch_150_2.pth
Train Epoch: 151 [2560/5102 (50%)]	Loss: 3.993513 3.723489 0.000002 4.067258 4.072697 4.037156 4.099576
lr_rate: 0.00970299
Train Epoch: 151 [4760/5102 (100%)]	Loss: 3.848755 3.771988 0.000014 4.270181 4.158099 4.097685 4.127948
lr_rate: 0.00970299

Test set: Average loss: 2.5191, Accuracy: 14/375 (4%) (2%) (99%) (3%) (2%) (5%) (2%)

Train Epoch: 152 [2560/5102 (50%)]	Loss: 3.939765 3.673206 0.000007 4.168736 4.225250 4.093148 4.226473
lr_rate: 0.00970299
Train Epoch: 152 [4760/5102 (100%)]	Loss: 3.833207 3.827043 0.000001 4.146736 4.037809 4.220695 4.266386
lr_rate: 0.00970299

Test set: Average loss: 2.5160, Accuracy: 12/375 (3%) (3%) (99%) (3%) (3%) (4%) (2%)

Train Epoch: 153 [2560/5102 (50%)]	Loss: 3.874078 3.688501 0.000001 4.143894 4.111650 4.251056 4.220014
lr_rate: 0.00970299
Train Epoch: 153 [4760/5102 (100%)]	Loss: 3.931883 3.763321 0.000002 4.316038 4.255812 4.109489 4.272593
lr_rate: 0.00970299

Test set: Average loss: 2.5119, Accuracy: 17/375 (5%) (4%) (99%) (5%) (2%) (6%) (4%)

Train Epoch: 154 [2560/5102 (50%)]	Loss: 4.133069 3.693495 0.000006 4.132167 4.223071 4.036658 4.252619
lr_rate: 0.00970299
Train Epoch: 154 [4760/5102 (100%)]	Loss: 3.958486 3.857311 0.000000 4.134842 4.374424 4.281498 4.165849
lr_rate: 0.00970299

Test set: Average loss: 2.5151, Accuracy: 13/375 (3%) (5%) (100%) (3%) (3%) (3%) (3%)

Train Epoch: 155 [2560/5102 (50%)]	Loss: 3.875461 3.768010 0.000000 4.111799 4.174195 4.255873 4.269036
lr_rate: 0.00970299
Train Epoch: 155 [4760/5102 (100%)]	Loss: 3.944639 3.773616 0.000000 4.127316 4.110574 4.075459 4.117754
lr_rate: 0.00970299

Test set: Average loss: 2.5311, Accuracy: 15/375 (4%) (5%) (99%) (3%) (2%) (4%) (3%)

Train Epoch: 156 [2560/5102 (50%)]	Loss: 4.012535 3.817289 0.000000 4.040317 4.131626 4.117572 4.182693
lr_rate: 0.00970299
Train Epoch: 156 [4760/5102 (100%)]	Loss: 3.907233 3.800284 0.000011 4.208261 4.203292 4.184143 4.302186
lr_rate: 0.00970299

Test set: Average loss: 2.5139, Accuracy: 15/375 (4%) (4%) (99%) (1%) (3%) (3%) (2%)

Train Epoch: 157 [2560/5102 (50%)]	Loss: 4.062630 3.706185 0.000003 4.089481 4.103267 4.118371 4.156183
lr_rate: 0.00970299
Train Epoch: 157 [4760/5102 (100%)]	Loss: 4.061623 3.773035 0.000016 4.271214 4.091965 4.278667 4.337321
lr_rate: 0.00970299

Test set: Average loss: 2.5069, Accuracy: 9/375 (2%) (6%) (100%) (4%) (3%) (3%) (3%)

Train Epoch: 158 [2560/5102 (50%)]	Loss: 3.910251 3.871419 0.000011 4.109241 4.273554 4.117752 4.348144
lr_rate: 0.00970299
Train Epoch: 158 [4760/5102 (100%)]	Loss: 3.951073 3.648827 0.000004 4.059094 4.124231 4.269838 4.175411
lr_rate: 0.00970299

Test set: Average loss: 2.5108, Accuracy: 21/375 (6%) (5%) (99%) (4%) (3%) (4%) (2%)

Train Epoch: 159 [2560/5102 (50%)]	Loss: 4.038818 3.741533 0.000096 4.155276 4.065915 4.232840 4.082051
lr_rate: 0.00970299
Train Epoch: 159 [4760/5102 (100%)]	Loss: 3.942257 3.781339 0.000004 4.076410 4.139850 4.204555 4.121918
lr_rate: 0.00970299

Test set: Average loss: 2.5123, Accuracy: 18/375 (5%) (3%) (99%) (2%) (2%) (4%) (3%)

Train Epoch: 160 [2560/5102 (50%)]	Loss: 4.007376 3.683713 0.000010 4.252573 4.204915 4.172897 4.244647
lr_rate: 0.00970299
Train Epoch: 160 [4760/5102 (100%)]	Loss: 4.060387 3.835908 0.000003 4.181684 4.135256 4.111501 4.127866
lr_rate: 0.00970299

Test set: Average loss: 2.5267, Accuracy: 11/375 (3%) (3%) (100%) (3%) (2%) (4%) (3%)

Train Epoch: 161 [2560/5102 (50%)]	Loss: 3.872736 3.813717 0.000002 4.246964 4.204832 4.057154 4.194641
lr_rate: 0.00970299
Train Epoch: 161 [4760/5102 (100%)]	Loss: 3.948851 3.765857 0.000003 4.197471 4.161169 4.153974 4.124639
lr_rate: 0.00970299

Test set: Average loss: 2.5189, Accuracy: 20/375 (5%) (5%) (100%) (3%) (2%) (3%) (3%)

Train Epoch: 162 [2560/5102 (50%)]	Loss: 3.933771 3.831005 0.000013 4.185290 4.201043 4.198226 4.155263
lr_rate: 0.00970299
Train Epoch: 162 [4760/5102 (100%)]	Loss: 3.790799 3.729978 0.000020 4.220044 4.174531 4.231179 4.319025
lr_rate: 0.00970299

Test set: Average loss: 2.5181, Accuracy: 16/375 (4%) (5%) (100%) (3%) (4%) (4%) (2%)

Train Epoch: 163 [2560/5102 (50%)]	Loss: 4.003521 3.750108 0.000002 4.193578 4.202796 4.177830 4.239048
lr_rate: 0.00970299
Train Epoch: 163 [4760/5102 (100%)]	Loss: 3.950076 3.770403 0.000001 4.143946 4.198781 4.202122 4.202964
lr_rate: 0.00970299

Test set: Average loss: 2.5145, Accuracy: 12/375 (3%) (5%) (99%) (2%) (3%) (5%) (4%)

Train Epoch: 164 [2560/5102 (50%)]	Loss: 3.984113 3.698891 0.000055 4.162990 4.248891 4.252941 4.242974
lr_rate: 0.00970299
Train Epoch: 164 [4760/5102 (100%)]	Loss: 3.931459 3.848216 0.000002 4.317402 4.141940 4.107497 4.228370
lr_rate: 0.00970299

Test set: Average loss: 2.5174, Accuracy: 18/375 (5%) (5%) (99%) (4%) (2%) (4%) (1%)

Train Epoch: 165 [2560/5102 (50%)]	Loss: 3.959798 3.589242 0.000003 4.038787 4.085048 4.063940 4.174121
lr_rate: 0.00970299
Train Epoch: 165 [4760/5102 (100%)]	Loss: 3.904425 3.731288 0.000003 4.185236 4.149575 4.054128 4.284134
lr_rate: 0.00970299

Test set: Average loss: 2.4925, Accuracy: 22/375 (6%) (5%) (99%) (6%) (3%) (5%) (2%)

Train Epoch: 166 [2560/5102 (50%)]	Loss: 3.881503 3.759671 0.000004 4.268705 4.222994 4.206606 4.289722
lr_rate: 0.00970299
Train Epoch: 166 [4760/5102 (100%)]	Loss: 4.095491 3.722163 0.000001 4.091887 4.354160 4.357107 4.290242
lr_rate: 0.00970299

Test set: Average loss: 2.5122, Accuracy: 15/375 (4%) (3%) (99%) (3%) (2%) (3%) (2%)

Train Epoch: 167 [2560/5102 (50%)]	Loss: 4.018822 3.547697 0.000002 4.167917 4.192561 4.122504 4.344752
lr_rate: 0.00970299
Train Epoch: 167 [4760/5102 (100%)]	Loss: 4.012250 3.709192 0.000002 4.238711 4.040174 4.140466 4.430869
lr_rate: 0.00970299

Test set: Average loss: 2.5098, Accuracy: 18/375 (5%) (5%) (99%) (3%) (2%) (5%) (4%)

Train Epoch: 168 [2560/5102 (50%)]	Loss: 3.939844 3.679730 0.000010 4.210493 4.257363 4.305533 4.299531
lr_rate: 0.00970299
Train Epoch: 168 [4760/5102 (100%)]	Loss: 4.104177 3.812085 0.000009 4.104620 4.178961 4.098715 4.075206
lr_rate: 0.00970299

Test set: Average loss: 2.5023, Accuracy: 15/375 (4%) (4%) (99%) (3%) (3%) (6%) (4%)

Train Epoch: 169 [2560/5102 (50%)]	Loss: 3.982586 3.743485 0.000007 4.149088 4.172292 4.229032 4.264249
lr_rate: 0.00970299
Train Epoch: 169 [4760/5102 (100%)]	Loss: 4.013926 3.778489 0.000002 4.188571 4.145030 4.192300 4.288216
lr_rate: 0.00970299

Test set: Average loss: 2.5130, Accuracy: 10/375 (3%) (5%) (99%) (3%) (3%) (4%) (2%)

Train Epoch: 170 [2560/5102 (50%)]	Loss: 4.072925 3.667667 0.000003 4.221985 4.071294 4.226799 4.147098
lr_rate: 0.00970299
Train Epoch: 170 [4760/5102 (100%)]	Loss: 3.768913 3.635484 0.000004 4.177496 4.229132 4.038122 4.247709
lr_rate: 0.00970299

Test set: Average loss: 2.5052, Accuracy: 18/375 (5%) (4%) (99%) (2%) (2%) (6%) (5%)

Train Epoch: 171 [2560/5102 (50%)]	Loss: 3.902351 3.867895 0.000002 4.022672 4.125032 4.129740 4.131039
lr_rate: 0.00970299
Train Epoch: 171 [4760/5102 (100%)]	Loss: 3.919696 3.723945 0.000001 3.998538 4.278677 4.048500 4.251498
lr_rate: 0.00970299

Test set: Average loss: 2.5183, Accuracy: 12/375 (3%) (3%) (99%) (4%) (2%) (7%) (2%)

Train Epoch: 172 [2560/5102 (50%)]	Loss: 4.129725 3.789407 0.000129 4.139346 4.058747 4.184932 4.196767
lr_rate: 0.00970299
Train Epoch: 172 [4760/5102 (100%)]	Loss: 3.999608 3.706128 0.000042 4.126709 4.137540 4.309368 4.201081
lr_rate: 0.00970299

Test set: Average loss: 2.5141, Accuracy: 9/375 (2%) (5%) (99%) (5%) (3%) (4%) (2%)

Train Epoch: 173 [2560/5102 (50%)]	Loss: 4.021630 3.819093 0.000004 4.199955 4.193696 4.197498 4.236113
lr_rate: 0.00970299
Train Epoch: 173 [4760/5102 (100%)]	Loss: 3.953752 3.730323 0.000010 4.246167 4.294393 4.227047 4.229745
lr_rate: 0.00970299

Test set: Average loss: 2.5326, Accuracy: 12/375 (3%) (5%) (99%) (3%) (2%) (4%) (2%)

Train Epoch: 174 [2560/5102 (50%)]	Loss: 4.116917 3.829687 0.000001 4.165710 4.124514 4.428906 4.460556
lr_rate: 0.00970299
Train Epoch: 174 [4760/5102 (100%)]	Loss: 3.932069 3.689924 0.000005 4.090287 4.263290 4.184010 4.201432
lr_rate: 0.00970299

Test set: Average loss: 2.5147, Accuracy: 13/375 (3%) (3%) (99%) (4%) (3%) (4%) (3%)

Train Epoch: 175 [2560/5102 (50%)]	Loss: 3.947891 3.761021 0.000001 4.078360 4.155543 4.202438 4.126641
lr_rate: 0.00970299
Train Epoch: 175 [4760/5102 (100%)]	Loss: 3.893653 3.721717 0.000004 4.179189 4.185837 4.128930 4.164677
lr_rate: 0.00970299

Test set: Average loss: 2.5104, Accuracy: 15/375 (4%) (4%) (100%) (5%) (3%) (4%) (3%)

Train Epoch: 176 [2560/5102 (50%)]	Loss: 4.121941 3.746780 0.000001 4.114446 4.268661 4.079987 4.137165
lr_rate: 0.00970299
Train Epoch: 176 [4760/5102 (100%)]	Loss: 3.925727 3.737149 0.000001 4.157318 4.157645 4.445579 4.183586
lr_rate: 0.00970299

Test set: Average loss: 2.5187, Accuracy: 13/375 (3%) (4%) (99%) (2%) (3%) (3%) (2%)

Train Epoch: 177 [2560/5102 (50%)]	Loss: 4.012437 3.636314 0.000003 4.053686 4.217835 4.115352 4.229954
lr_rate: 0.00970299
Train Epoch: 177 [4760/5102 (100%)]	Loss: 4.009737 3.856252 0.000004 4.203520 4.135299 4.126531 4.246515
lr_rate: 0.00970299

Test set: Average loss: 2.5595, Accuracy: 13/375 (3%) (2%) (99%) (3%) (3%) (5%) (3%)

Train Epoch: 178 [2560/5102 (50%)]	Loss: 3.927886 3.747725 0.000001 4.129053 4.206650 4.128952 4.287480
lr_rate: 0.00970299
Train Epoch: 178 [4760/5102 (100%)]	Loss: 3.883359 3.800117 0.000010 4.117182 4.029757 4.282997 4.378678
lr_rate: 0.00970299

Test set: Average loss: 2.5241, Accuracy: 8/375 (2%) (4%) (99%) (2%) (3%) (4%) (3%)

Train Epoch: 179 [2560/5102 (50%)]	Loss: 4.066087 3.736688 0.000008 4.224327 4.143154 4.207771 4.183151
lr_rate: 0.00970299
Train Epoch: 179 [4760/5102 (100%)]	Loss: 4.031297 3.729674 0.000000 4.156930 4.254919 4.129798 4.210469
lr_rate: 0.00970299

Test set: Average loss: 2.5433, Accuracy: 14/375 (4%) (4%) (100%) (4%) (3%) (3%) (2%)

Train Epoch: 180 [2560/5102 (50%)]	Loss: 3.989219 3.694505 0.000007 4.130712 4.063730 4.145267 4.242620
lr_rate: 0.00970299
Train Epoch: 180 [4760/5102 (100%)]	Loss: 3.921846 3.785568 0.000038 4.046947 4.298525 4.076261 4.217655
lr_rate: 0.00970299

Test set: Average loss: 2.5201, Accuracy: 20/375 (5%) (5%) (99%) (2%) (3%) (4%) (3%)

Train Epoch: 181 [2560/5102 (50%)]	Loss: 4.052026 3.816438 0.000002 4.265078 4.244099 4.020434 4.349732
lr_rate: 0.00970299
Train Epoch: 181 [4760/5102 (100%)]	Loss: 4.097676 3.727352 0.000005 4.217110 4.197677 4.121298 4.227828
lr_rate: 0.00970299

Test set: Average loss: 2.5426, Accuracy: 17/375 (5%) (5%) (99%) (4%) (3%) (5%) (3%)

Train Epoch: 182 [2560/5102 (50%)]	Loss: 3.915599 3.501791 0.000002 4.153188 4.125716 4.134729 4.317420
lr_rate: 0.00970299
Train Epoch: 182 [4760/5102 (100%)]	Loss: 3.920267 3.749166 0.000036 4.142613 4.219951 4.200785 4.280449
lr_rate: 0.00970299

Test set: Average loss: 2.5173, Accuracy: 18/375 (5%) (4%) (99%) (4%) (1%) (5%) (3%)

Train Epoch: 183 [2560/5102 (50%)]	Loss: 3.937664 3.803586 0.000001 4.365530 4.118614 4.138561 4.308626
lr_rate: 0.00970299
Train Epoch: 183 [4760/5102 (100%)]	Loss: 3.843082 3.822968 0.000000 4.078955 4.046259 4.114708 4.149945
lr_rate: 0.00970299

Test set: Average loss: 2.5383, Accuracy: 17/375 (5%) (5%) (99%) (3%) (3%) (4%) (4%)

Train Epoch: 184 [2560/5102 (50%)]	Loss: 3.996840 3.812002 0.000003 4.104249 4.076160 4.306004 4.196752
lr_rate: 0.00970299
Train Epoch: 184 [4760/5102 (100%)]	Loss: 3.951589 3.692166 0.000005 4.121842 4.236144 4.140121 4.207723
lr_rate: 0.00970299

Test set: Average loss: 2.5148, Accuracy: 16/375 (4%) (5%) (99%) (3%) (3%) (3%) (2%)

Train Epoch: 185 [2560/5102 (50%)]	Loss: 4.102924 3.743399 0.000000 4.276283 4.216818 4.158720 4.114193
lr_rate: 0.00970299
Train Epoch: 185 [4760/5102 (100%)]	Loss: 3.923124 3.710973 0.000005 4.175178 4.154986 4.133829 4.214960
lr_rate: 0.00970299

Test set: Average loss: 2.5331, Accuracy: 14/375 (4%) (3%) (99%) (4%) (4%) (3%) (2%)

Train Epoch: 186 [2560/5102 (50%)]	Loss: 4.022166 3.665741 0.000002 4.188195 4.198725 4.212998 4.351788
lr_rate: 0.00970299
Train Epoch: 186 [4760/5102 (100%)]	Loss: 3.969663 3.800007 0.000001 4.221190 4.190167 4.191710 4.005520
lr_rate: 0.00970299

Test set: Average loss: 2.5215, Accuracy: 20/375 (5%) (3%) (100%) (2%) (3%) (4%) (2%)

Train Epoch: 187 [2560/5102 (50%)]	Loss: 4.008546 3.837194 0.000002 4.112514 4.251577 4.291063 4.406495
lr_rate: 0.00970299
Train Epoch: 187 [4760/5102 (100%)]	Loss: 4.018148 3.727222 0.000010 4.148073 4.107697 4.157244 4.171270
lr_rate: 0.00970299

Test set: Average loss: 2.5229, Accuracy: 17/375 (5%) (4%) (99%) (3%) (4%) (4%) (3%)

Train Epoch: 188 [2560/5102 (50%)]	Loss: 4.020825 3.864287 0.000001 4.200085 4.090094 4.051926 4.111087
lr_rate: 0.00970299
Train Epoch: 188 [4760/5102 (100%)]	Loss: 4.056763 3.701904 0.000002 4.129866 4.250108 4.294881 4.191782
lr_rate: 0.00970299

Test set: Average loss: 2.5222, Accuracy: 16/375 (4%) (5%) (100%) (3%) (3%) (7%) (3%)

Train Epoch: 189 [2560/5102 (50%)]	Loss: 4.200469 3.899798 0.000001 4.185702 4.087414 4.238033 4.165572
lr_rate: 0.00970299
Train Epoch: 189 [4760/5102 (100%)]	Loss: 3.851374 3.792745 0.000002 4.155498 4.252479 4.258593 4.442157
lr_rate: 0.00970299

Test set: Average loss: 2.5385, Accuracy: 13/375 (3%) (4%) (99%) (3%) (2%) (4%) (1%)

Train Epoch: 190 [2560/5102 (50%)]	Loss: 4.049347 3.784108 0.000001 4.228976 4.231979 4.182734 4.222412
lr_rate: 0.00970299
Train Epoch: 190 [4760/5102 (100%)]	Loss: 3.868048 3.714736 0.000000 4.157195 4.085034 4.233757 4.369821
lr_rate: 0.00970299

Test set: Average loss: 2.5407, Accuracy: 11/375 (3%) (4%) (99%) (3%) (2%) (5%) (1%)

Train Epoch: 191 [2560/5102 (50%)]	Loss: 4.029945 3.793828 0.000011 4.112840 4.263813 4.192994 4.400617
lr_rate: 0.00970299
Train Epoch: 191 [4760/5102 (100%)]	Loss: 3.978230 3.700737 0.000124 3.984569 4.100943 4.294320 4.274191
lr_rate: 0.00970299

Test set: Average loss: 2.5273, Accuracy: 12/375 (3%) (3%) (99%) (4%) (3%) (3%) (4%)

Train Epoch: 192 [2560/5102 (50%)]	Loss: 3.879039 3.817495 0.000001 4.326827 4.148685 4.250938 4.331272
lr_rate: 0.00970299
Train Epoch: 192 [4760/5102 (100%)]	Loss: 4.110697 3.716239 0.000001 4.112864 4.179903 4.367331 4.262196
lr_rate: 0.00970299

Test set: Average loss: 2.5371, Accuracy: 17/375 (5%) (5%) (99%) (5%) (5%) (3%) (3%)

Train Epoch: 193 [2560/5102 (50%)]	Loss: 3.769763 3.707774 0.000003 4.177053 4.158245 4.202657 4.237504
lr_rate: 0.00970299
Train Epoch: 193 [4760/5102 (100%)]	Loss: 3.935551 3.559858 0.000001 4.223430 4.094801 4.172376 4.241988
lr_rate: 0.00970299

Test set: Average loss: 2.5284, Accuracy: 17/375 (5%) (5%) (99%) (1%) (3%) (3%) (3%)

Train Epoch: 194 [2560/5102 (50%)]	Loss: 4.025162 3.821811 0.000001 4.354063 4.276653 4.248559 4.481447
lr_rate: 0.00970299
Train Epoch: 194 [4760/5102 (100%)]	Loss: 4.003747 3.809666 0.000000 4.161629 4.196034 4.198367 4.156062
lr_rate: 0.00970299

Test set: Average loss: 2.4931, Accuracy: 24/375 (6%) (4%) (99%) (3%) (4%) (4%) (5%)

Train Epoch: 195 [2560/5102 (50%)]	Loss: 3.896808 3.769488 0.000012 4.107735 4.148299 4.232855 4.232148
lr_rate: 0.00970299
Train Epoch: 195 [4760/5102 (100%)]	Loss: 4.014942 3.867483 0.000021 4.183407 4.181216 4.200928 4.364494
lr_rate: 0.00970299

Test set: Average loss: 2.5403, Accuracy: 10/375 (3%) (3%) (99%) (2%) (3%) (4%) (5%)

Train Epoch: 196 [2560/5102 (50%)]	Loss: 4.070402 3.746576 0.000004 4.219750 4.213312 4.147167 4.116217
lr_rate: 0.00970299
Train Epoch: 196 [4760/5102 (100%)]	Loss: 4.114073 3.742799 0.000001 4.206442 4.329806 4.182702 4.264132
lr_rate: 0.00970299

Test set: Average loss: 2.5203, Accuracy: 17/375 (5%) (2%) (99%) (5%) (3%) (4%) (2%)

Train Epoch: 197 [2560/5102 (50%)]	Loss: 4.105029 3.690377 0.000006 4.279967 4.124412 4.082433 4.193379
lr_rate: 0.00970299
Train Epoch: 197 [4760/5102 (100%)]	Loss: 4.047412 3.974073 0.000000 4.164992 4.286288 4.356832 4.199735
lr_rate: 0.00970299

Test set: Average loss: 2.5341, Accuracy: 19/375 (5%) (6%) (99%) (4%) (3%) (4%) (1%)

Train Epoch: 198 [2560/5102 (50%)]	Loss: 3.930720 3.681707 0.000002 4.240006 4.258889 4.083149 4.286472
lr_rate: 0.00970299
Train Epoch: 198 [4760/5102 (100%)]	Loss: 4.059008 3.886374 0.000017 4.251725 4.240911 4.233819 4.211931
lr_rate: 0.00970299

Test set: Average loss: 2.5461, Accuracy: 20/375 (5%) (3%) (99%) (2%) (3%) (5%) (1%)

Train Epoch: 199 [2560/5102 (50%)]	Loss: 3.992583 3.695181 0.000004 4.040582 4.304086 4.256670 4.116662
lr_rate: 0.00970299
Train Epoch: 199 [4760/5102 (100%)]	Loss: 4.089272 3.744788 0.000000 4.149766 4.092336 4.192204 4.288775
lr_rate: 0.00970299

Test set: Average loss: 2.5304, Accuracy: 14/375 (4%) (4%) (99%) (2%) (3%) (4%) (4%)

Train Epoch: 200 [2560/5102 (50%)]	Loss: 3.897572 3.744699 0.000001 4.009015 4.093175 4.288729 4.290997
lr_rate: 0.00970299
Train Epoch: 200 [4760/5102 (100%)]	Loss: 4.110018 3.851993 0.000005 4.191026 4.262648 4.075389 4.267685
lr_rate: 0.00970299

Test set: Average loss: 2.5265, Accuracy: 12/375 (3%) (4%) (99%) (5%) (3%) (5%) (3%)

Checkpoint saved to ./model/model_pr_epoch_200_2.pth
Train Epoch: 201 [2560/5102 (50%)]	Loss: 3.974722 3.691509 0.000004 4.193374 4.289577 4.200596 4.226225
lr_rate: 0.0096059601
Train Epoch: 201 [4760/5102 (100%)]	Loss: 4.031332 3.737734 0.000002 4.305089 4.108219 4.214667 4.350291
lr_rate: 0.0096059601

Test set: Average loss: 2.5446, Accuracy: 16/375 (4%) (2%) (99%) (2%) (3%) (4%) (3%)

Train Epoch: 202 [2560/5102 (50%)]	Loss: 3.974060 3.954114 0.000002 4.134492 4.233354 4.249844 4.378064
lr_rate: 0.0096059601
Train Epoch: 202 [4760/5102 (100%)]	Loss: 4.033591 3.861705 0.000001 4.085223 4.214633 4.215686 4.292137
lr_rate: 0.0096059601

Test set: Average loss: 2.5306, Accuracy: 18/375 (5%) (3%) (99%) (2%) (1%) (5%) (3%)

Train Epoch: 203 [2560/5102 (50%)]	Loss: 4.197044 3.866116 0.000001 4.129451 4.329209 4.079186 4.363493
lr_rate: 0.0096059601
Train Epoch: 203 [4760/5102 (100%)]	Loss: 3.993433 3.798080 0.000000 4.209040 4.111220 4.257469 4.185707
lr_rate: 0.0096059601

Test set: Average loss: 2.5594, Accuracy: 11/375 (3%) (6%) (99%) (3%) (2%) (4%) (2%)

Train Epoch: 204 [2560/5102 (50%)]	Loss: 4.083193 3.792623 0.000001 4.257447 4.165576 4.183633 4.200747
lr_rate: 0.0096059601
Train Epoch: 204 [4760/5102 (100%)]	Loss: 4.039560 3.702110 0.000203 4.189288 4.100225 4.042618 4.351445
lr_rate: 0.0096059601

Test set: Average loss: 2.5320, Accuracy: 15/375 (4%) (3%) (99%) (3%) (3%) (2%) (2%)

Train Epoch: 205 [2560/5102 (50%)]	Loss: 4.001020 3.791555 0.000001 4.136794 4.074682 4.245021 4.291264
lr_rate: 0.0096059601
Train Epoch: 205 [4760/5102 (100%)]	Loss: 4.040827 3.656000 0.000000 4.000835 4.147570 4.249783 4.237566
lr_rate: 0.0096059601

Test set: Average loss: 2.5424, Accuracy: 16/375 (4%) (3%) (99%) (3%) (3%) (4%) (2%)

Train Epoch: 206 [2560/5102 (50%)]	Loss: 4.086786 3.668073 0.000006 4.149674 4.148019 4.170809 4.236258
lr_rate: 0.0096059601
Train Epoch: 206 [4760/5102 (100%)]	Loss: 3.972808 3.683631 0.000000 4.091743 4.097921 4.188205 4.166432
lr_rate: 0.0096059601

Test set: Average loss: 2.5805, Accuracy: 9/375 (2%) (3%) (99%) (2%) (2%) (4%) (3%)

Train Epoch: 207 [2560/5102 (50%)]	Loss: 4.080928 3.733648 0.000003 4.256948 4.042660 4.332524 4.341235
lr_rate: 0.0096059601
Train Epoch: 207 [4760/5102 (100%)]	Loss: 4.066505 3.771797 0.000000 4.236330 4.204304 4.005759 4.089237
lr_rate: 0.0096059601

Test set: Average loss: 2.5216, Accuracy: 22/375 (6%) (3%) (99%) (3%) (3%) (4%) (2%)

Train Epoch: 208 [2560/5102 (50%)]	Loss: 4.118864 3.789351 0.000000 4.238933 4.211257 4.325673 4.159935
lr_rate: 0.0096059601
Train Epoch: 208 [4760/5102 (100%)]	Loss: 3.889821 3.845508 0.000001 4.110656 4.258007 4.193815 4.179666
lr_rate: 0.0096059601

Test set: Average loss: 2.5646, Accuracy: 14/375 (4%) (3%) (99%) (2%) (3%) (5%) (2%)

Train Epoch: 209 [2560/5102 (50%)]	Loss: 3.956582 3.787507 0.000004 4.295566 4.111920 4.265069 4.256924
lr_rate: 0.0096059601
Train Epoch: 209 [4760/5102 (100%)]	Loss: 3.966310 3.826517 0.000021 4.215102 4.118500 4.226535 4.159714
lr_rate: 0.0096059601

Test set: Average loss: 2.5461, Accuracy: 17/375 (5%) (3%) (99%) (4%) (4%) (5%) (5%)

Train Epoch: 210 [2560/5102 (50%)]	Loss: 3.855881 3.718287 0.000000 4.155198 4.188084 4.199941 4.258037
lr_rate: 0.0096059601
Train Epoch: 210 [4760/5102 (100%)]	Loss: 4.139460 3.845248 0.000005 4.165003 4.283013 4.249622 4.285833
lr_rate: 0.0096059601

Test set: Average loss: 2.5677, Accuracy: 15/375 (4%) (3%) (99%) (5%) (5%) (5%) (4%)

Train Epoch: 211 [2560/5102 (50%)]	Loss: 4.021880 3.829394 0.000001 4.171154 4.211094 4.217909 4.325431
lr_rate: 0.0096059601
Train Epoch: 211 [4760/5102 (100%)]	Loss: 4.011734 3.874195 0.000001 4.168879 4.209213 4.208129 4.349522
lr_rate: 0.0096059601

Test set: Average loss: 2.5422, Accuracy: 17/375 (5%) (4%) (99%) (3%) (5%) (3%) (3%)

Train Epoch: 212 [2560/5102 (50%)]	Loss: 4.075147 3.894190 0.000003 4.360287 4.152662 4.165285 4.349088
lr_rate: 0.0096059601
Train Epoch: 212 [4760/5102 (100%)]	Loss: 3.968425 3.842243 0.000033 4.130356 4.296159 4.283312 4.300607
lr_rate: 0.0096059601

Test set: Average loss: 2.5667, Accuracy: 19/375 (5%) (2%) (100%) (4%) (3%) (4%) (2%)

Train Epoch: 213 [2560/5102 (50%)]	Loss: 4.016692 3.934862 0.000001 4.171518 4.248298 4.200178 4.364769
lr_rate: 0.0096059601
Train Epoch: 213 [4760/5102 (100%)]	Loss: 4.106322 3.780432 0.000001 4.147032 4.074955 4.135862 4.206642
lr_rate: 0.0096059601

Test set: Average loss: 2.5780, Accuracy: 14/375 (4%) (4%) (99%) (4%) (3%) (5%) (2%)

Train Epoch: 214 [2560/5102 (50%)]	Loss: 4.070860 3.883204 0.000039 4.159745 4.150050 4.241888 4.314940
lr_rate: 0.0096059601
Train Epoch: 214 [4760/5102 (100%)]	Loss: 3.972368 3.591409 0.000401 4.253043 4.052336 4.135274 4.157656
lr_rate: 0.0096059601

Test set: Average loss: 2.4953, Accuracy: 17/375 (5%) (5%) (99%) (3%) (4%) (4%) (3%)

Train Epoch: 215 [2560/5102 (50%)]	Loss: 3.823630 3.593667 0.000038 3.947577 3.997847 3.925056 4.108682
lr_rate: 0.0096059601
Train Epoch: 215 [4760/5102 (100%)]	Loss: 3.732038 3.509772 0.000288 3.977666 3.915701 3.866818 4.062447
lr_rate: 0.0096059601

Test set: Average loss: 2.4100, Accuracy: 12/375 (3%) (2%) (99%) (3%) (2%) (6%) (3%)

Train Epoch: 216 [2560/5102 (50%)]	Loss: 3.716597 3.562649 0.000007 3.938871 3.983479 4.060966 4.012589
lr_rate: 0.0096059601
Train Epoch: 216 [4760/5102 (100%)]	Loss: 3.896186 3.600396 0.000006 4.023443 3.976253 4.012557 4.099683
lr_rate: 0.0096059601

Test set: Average loss: 2.4068, Accuracy: 19/375 (5%) (4%) (99%) (4%) (5%) (3%) (2%)

Train Epoch: 217 [2560/5102 (50%)]	Loss: 3.864336 3.521428 0.000045 4.024110 4.004645 4.023522 3.997089
lr_rate: 0.0096059601
Train Epoch: 217 [4760/5102 (100%)]	Loss: 3.760303 3.665443 0.000230 3.960306 4.058968 4.060543 4.021894
lr_rate: 0.0096059601

Test set: Average loss: 2.4102, Accuracy: 10/375 (3%) (4%) (99%) (3%) (1%) (3%) (3%)

